<html>
<head>
    <title>TestNG: DemoTestNG</title>
    <link href="../testng.css" rel="stylesheet" type="text/css"/>
    <link href="../my-testng.css" rel="stylesheet" type="text/css"/>

    <style type="text/css">
        .log {
            display: none;
        }

        .stack-trace {
            display: none;
        }
    </style>
    <script type="text/javascript">
        <!--
        function flip(e) {
            current = e.style.display;
            if (current == 'block') {
                e.style.display = 'none';
                return 0;
            } else {
                e.style.display = 'block';
                return 1;
            }
        }

        function toggleBox(szDivId, elem, msg1, msg2) {
            var res = -1;
            if (document.getElementById) {
                res = flip(document.getElementById(szDivId));
            } else if (document.all) {
                // this is the way old msie versions work
                res = flip(document.all[szDivId]);
            }
            if (elem) {
                if (res == 0) elem.innerHTML = msg1; else elem.innerHTML = msg2;
            }

        }

        function toggleAllBoxes() {
            if (document.getElementsByTagName) {
                d = document.getElementsByTagName('div');
                for (i = 0; i < d.length; i++) {
                    if (d[i].className == 'log') {
                        flip(d[i]);
                    }
                }
            }
        }

        // -->
    </script>

</head>
<body>
<h2 align='center'>DemoTestNG</h2>
<table align="center" border='1'>
    <tr>
        <td>Tests passed/Failed/Skipped:</td>
        <td>4/2/0</td>
    </tr>
    <tr>
        <td>Started on:</td>
        <td>Fri Dec 27 15:48:42 ICT 2024</td>
    </tr>
    <tr>
        <td>Total time:</td>
        <td>13 seconds (13354 ms)</td>
    </tr>
    <tr>
        <td>Included groups:</td>
        <td></td>
    </tr>
    <tr>
        <td>Excluded groups:</td>
        <td></td>
    </tr>
</table>
<p/>
<small><i>(Hover the method name to see the test class name)</i></small>
<p/>
<table border='1' class='invocation-failed' width='100%'>
    <tr>
        <td align='center' colspan='4'><b>FAILED TESTS</b></td>
    </tr>
    <tr>
        <td><b>Test method</b></td>
        <td><b>Attribute(s)</b></td>
        <td width="30%"><b>Exception</b></td>
        <td width="10%"><b>Time (seconds)</b></td>
        <td><b>Instance</b></td>
    </tr>
    <tr>
        <td title='com.myngoc.demotestng.testcases.admin_testcases.LoginAdminTest.loginAdmin()'><b>loginAdmin</b><br>Test
            class: com.myngoc.demotestng.testcases.admin_testcases.LoginAdminTest<br>Parameters: wrongemail@gmail,
            Ngoc@123, false
        </td>
        <td>
            <div><pre>org.openqa.selenium.WebDriverException: Timed out waiting for driver server to stop.
Build info: version: &apos;4.26.0&apos;, revision: &apos;8ccf0219d7&apos;
System info: os.name: &apos;Windows 11&apos;, os.arch: &apos;amd64&apos;, os.version: &apos;10.0&apos;, java.version: &apos;17.0.12&apos;
Driver info: org.openqa.selenium.chrome.ChromeDriver
Command: [e4ef4e22d1d365a8041411ff2dd2ecdc, quit {}]
Capabilities {acceptInsecureCerts: false, browserName: chrome, browserVersion: 131.0.6778.205, chrome: {chromedriverVersion: 131.0.6778.204 (52183f9e99a..., userDataDir: C:\Users\myngoc.vo\AppData\...}, fedcm:accounts: true, goog:chromeOptions: {debuggerAddress: localhost:51350}, networkConnectionEnabled: false, pageLoadStrategy: normal, platformName: windows, proxy: Proxy(), se:cdp: ws://localhost:51350/devtoo..., se:cdpVersion: 131.0.6778.205, setWindowRect: true, strictFileInteractability: false, timeouts: {implicit: 0, pageLoad: 300000, script: 30000}, unhandledPromptBehavior: dismiss and notify, webauthn:extension:credBlob: true, webauthn:extension:largeBlob: true, webauthn:extension:minPinLength: true, webauthn:extension:prf: true, webauthn:virtualAuthenticators: true}
	at org.openqa.selenium.remote.service.DriverCommandExecutor.execute(DriverCommandExecutor.java:164)
	at org.openqa.selenium.remote.RemoteWebDriver.execute(RemoteWebDriver.java:545)
	at org.openqa.selenium.remote.RemoteWebDriver.execute(RemoteWebDriver.java:618)
	at org.openqa.selenium.remote.RemoteWebDriver.execute(RemoteWebDriver.java:622)
	at org.openqa.selenium.remote.RemoteWebDriver.quit(RemoteWebDriver.java:446)
	at org.openqa.selenium.chromium.ChromiumDriver.quit(ChromiumDriver.java:436)
	at com.myngoc.demotestng.pages.admin.LoginAdminPage.verifyLoginAdmin(LoginAdminPage.java:54)
	at com.myngoc.demotestng.testcases.admin_testcases.LoginAdminTest.loginAdmin(LoginAdminTest.java:41)
	at java.base/java.util.concurrent.ThreadPoolExecutor.runWorker(ThreadPoolExecutor.java:1136)
	at java.base/java.util.concurrent.ThreadPoolExecutor$Worker.run(ThreadPoolExecutor.java:635)
	at java.base/java.lang.Thread.run(Thread.java:842)
Caused by: java.util.concurrent.ExecutionException: java.util.concurrent.RejectedExecutionException: Task java.util.concurrent.FutureTask@12a16259[Not completed, task = java.util.concurrent.Executors$RunnableAdapter@18590929[Wrapped task = org.openqa.selenium.remote.http.jdk.JdkHttpClient$$Lambda$1288/0x000001fc563dd0e0@169ee452]] rejected from java.util.concurrent.ThreadPoolExecutor@5bafb6d6[Terminated, pool size = 0, active threads = 0, queued tasks = 0, completed tasks = 750]
	at java.base/java.util.concurrent.CompletableFuture.reportGet(CompletableFuture.java:396)
	at java.base/java.util.concurrent.CompletableFuture.get(CompletableFuture.java:2096)
	at org.openqa.selenium.remote.service.DriverCommandExecutor.execute(DriverCommandExecutor.java:160)
	... 19 more
Caused by: java.util.concurrent.RejectedExecutionException: Task java.util.concurrent.FutureTask@12a16259[Not completed, task = java.util.concurrent.Executors$RunnableAdapter@18590929[Wrapped task = org.openqa.selenium.remote.http.jdk.JdkHttpClient$$Lambda$1288/0x000001fc563dd0e0@169ee452]] rejected from java.util.concurrent.ThreadPoolExecutor@5bafb6d6[Terminated, pool size = 0, active threads = 0, queued tasks = 0, completed tasks = 750]
	at java.base/java.util.concurrent.ThreadPoolExecutor$AbortPolicy.rejectedExecution(ThreadPoolExecutor.java:2065)
	at java.base/java.util.concurrent.ThreadPoolExecutor.reject(ThreadPoolExecutor.java:833)
	at java.base/java.util.concurrent.ThreadPoolExecutor.execute(ThreadPoolExecutor.java:1365)
	at java.base/java.util.concurrent.AbstractExecutorService.submit(AbstractExecutorService.java:123)
	at org.openqa.selenium.remote.http.jdk.JdkHttpClient.executeAsync(JdkHttpClient.java:380)
	at org.openqa.selenium.remote.http.jdk.JdkHttpClient.execute(JdkHttpClient.java:412)
	at org.openqa.selenium.remote.HttpCommandExecutor.execute(HttpCommandExecutor.java:187)
	at org.openqa.selenium.remote.service.DriverCommandExecutor.invokeExecute(DriverCommandExecutor.java:216)
	at org.openqa.selenium.remote.service.DriverCommandExecutor.lambda$execute$1(DriverCommandExecutor.java:126)
	at java.base/java.util.concurrent.CompletableFuture$AsyncSupply.run(CompletableFuture.java:1768)
	... 3 more
... Removed 9 stack frames</pre>
            </div>
            <a href='#'
               onClick='toggleBox("stack-trace1874600495", this, "Click to show all stack frames", "Click to hide stack frames")'>Click
                to show all stack frames</a>
            <div class='stack-trace' id='stack-trace1874600495'><pre>org.openqa.selenium.WebDriverException: Timed out waiting for driver server to stop.
Build info: version: &apos;4.26.0&apos;, revision: &apos;8ccf0219d7&apos;
System info: os.name: &apos;Windows 11&apos;, os.arch: &apos;amd64&apos;, os.version: &apos;10.0&apos;, java.version: &apos;17.0.12&apos;
Driver info: org.openqa.selenium.chrome.ChromeDriver
Command: [e4ef4e22d1d365a8041411ff2dd2ecdc, quit {}]
Capabilities {acceptInsecureCerts: false, browserName: chrome, browserVersion: 131.0.6778.205, chrome: {chromedriverVersion: 131.0.6778.204 (52183f9e99a..., userDataDir: C:\Users\myngoc.vo\AppData\...}, fedcm:accounts: true, goog:chromeOptions: {debuggerAddress: localhost:51350}, networkConnectionEnabled: false, pageLoadStrategy: normal, platformName: windows, proxy: Proxy(), se:cdp: ws://localhost:51350/devtoo..., se:cdpVersion: 131.0.6778.205, setWindowRect: true, strictFileInteractability: false, timeouts: {implicit: 0, pageLoad: 300000, script: 30000}, unhandledPromptBehavior: dismiss and notify, webauthn:extension:credBlob: true, webauthn:extension:largeBlob: true, webauthn:extension:minPinLength: true, webauthn:extension:prf: true, webauthn:virtualAuthenticators: true}
	at org.openqa.selenium.remote.service.DriverCommandExecutor.execute(DriverCommandExecutor.java:164)
	at org.openqa.selenium.remote.RemoteWebDriver.execute(RemoteWebDriver.java:545)
	at org.openqa.selenium.remote.RemoteWebDriver.execute(RemoteWebDriver.java:618)
	at org.openqa.selenium.remote.RemoteWebDriver.execute(RemoteWebDriver.java:622)
	at org.openqa.selenium.remote.RemoteWebDriver.quit(RemoteWebDriver.java:446)
	at org.openqa.selenium.chromium.ChromiumDriver.quit(ChromiumDriver.java:436)
	at com.myngoc.demotestng.pages.admin.LoginAdminPage.verifyLoginAdmin(LoginAdminPage.java:54)
	at com.myngoc.demotestng.testcases.admin_testcases.LoginAdminTest.loginAdmin(LoginAdminTest.java:41)
	at java.base/jdk.internal.reflect.NativeMethodAccessorImpl.invoke0(Native Method)
	at java.base/jdk.internal.reflect.NativeMethodAccessorImpl.invoke(NativeMethodAccessorImpl.java:77)
	at java.base/jdk.internal.reflect.DelegatingMethodAccessorImpl.invoke(DelegatingMethodAccessorImpl.java:43)
	at java.base/java.lang.reflect.Method.invoke(Method.java:568)
	at org.testng.internal.invokers.MethodInvocationHelper.invokeMethod(MethodInvocationHelper.java:141)
	at org.testng.internal.invokers.TestInvoker.invokeMethod(TestInvoker.java:686)
	at org.testng.internal.invokers.TestInvoker.invokeTestMethod(TestInvoker.java:230)
	at org.testng.internal.invokers.TestMethodWithDataProviderMethodWorker.call(TestMethodWithDataProviderMethodWorker.java:81)
	at org.testng.internal.thread.Async$AsyncTask.run(Async.java:34)
	at java.base/java.util.concurrent.ThreadPoolExecutor.runWorker(ThreadPoolExecutor.java:1136)
	at java.base/java.util.concurrent.ThreadPoolExecutor$Worker.run(ThreadPoolExecutor.java:635)
	at java.base/java.lang.Thread.run(Thread.java:842)
Caused by: java.util.concurrent.ExecutionException: java.util.concurrent.RejectedExecutionException: Task java.util.concurrent.FutureTask@12a16259[Not completed, task = java.util.concurrent.Executors$RunnableAdapter@18590929[Wrapped task = org.openqa.selenium.remote.http.jdk.JdkHttpClient$$Lambda$1288/0x000001fc563dd0e0@169ee452]] rejected from java.util.concurrent.ThreadPoolExecutor@5bafb6d6[Terminated, pool size = 0, active threads = 0, queued tasks = 0, completed tasks = 750]
	at java.base/java.util.concurrent.CompletableFuture.reportGet(CompletableFuture.java:396)
	at java.base/java.util.concurrent.CompletableFuture.get(CompletableFuture.java:2096)
	at org.openqa.selenium.remote.service.DriverCommandExecutor.execute(DriverCommandExecutor.java:160)
	... 19 more
Caused by: java.util.concurrent.RejectedExecutionException: Task java.util.concurrent.FutureTask@12a16259[Not completed, task = java.util.concurrent.Executors$RunnableAdapter@18590929[Wrapped task = org.openqa.selenium.remote.http.jdk.JdkHttpClient$$Lambda$1288/0x000001fc563dd0e0@169ee452]] rejected from java.util.concurrent.ThreadPoolExecutor@5bafb6d6[Terminated, pool size = 0, active threads = 0, queued tasks = 0, completed tasks = 750]
	at java.base/java.util.concurrent.ThreadPoolExecutor$AbortPolicy.rejectedExecution(ThreadPoolExecutor.java:2065)
	at java.base/java.util.concurrent.ThreadPoolExecutor.reject(ThreadPoolExecutor.java:833)
	at java.base/java.util.concurrent.ThreadPoolExecutor.execute(ThreadPoolExecutor.java:1365)
	at java.base/java.util.concurrent.AbstractExecutorService.submit(AbstractExecutorService.java:123)
	at org.openqa.selenium.remote.http.jdk.JdkHttpClient.executeAsync(JdkHttpClient.java:380)
	at org.openqa.selenium.remote.http.jdk.JdkHttpClient.execute(JdkHttpClient.java:412)
	at org.openqa.selenium.remote.HttpCommandExecutor.execute(HttpCommandExecutor.java:187)
	at org.openqa.selenium.remote.service.DriverCommandExecutor.invokeExecute(DriverCommandExecutor.java:216)
	at org.openqa.selenium.remote.service.DriverCommandExecutor.lambda$execute$1(DriverCommandExecutor.java:126)
	at java.base/java.util.concurrent.CompletableFuture$AsyncSupply.run(CompletableFuture.java:1768)
	... 3 more
</pre>
            </div>
        </td>
        <td>4</td>
        <td>com.myngoc.demotestng.testcases.admin_testcases.LoginAdminTest@4313f5bc</td>
    </tr>
    <tr>
        <td title='com.myngoc.demotestng.testcases.admin_testcases.LoginAdminTest.loginAdmin()'><b>loginAdmin</b><br>Test
            class: com.myngoc.demotestng.testcases.admin_testcases.LoginAdminTest<br>Parameters: , Ngoc@123, false
        </td>
        <td>
            <div><pre>org.openqa.selenium.remote.UnreachableBrowserException: Error communicating with the remote browser. It may have died.
Build info: version: &apos;4.26.0&apos;, revision: &apos;8ccf0219d7&apos;
System info: os.name: &apos;Windows 11&apos;, os.arch: &apos;amd64&apos;, os.version: &apos;10.0&apos;, java.version: &apos;17.0.12&apos;
Driver info: org.openqa.selenium.chrome.ChromeDriver
Command: [e4ef4e22d1d365a8041411ff2dd2ecdc, quit []]
Capabilities {acceptInsecureCerts: false, browserName: chrome, browserVersion: 131.0.6778.205, chrome: {chromedriverVersion: 131.0.6778.204 (52183f9e99a..., userDataDir: C:\Users\myngoc.vo\AppData\...}, fedcm:accounts: true, goog:chromeOptions: {debuggerAddress: localhost:51350}, networkConnectionEnabled: false, pageLoadStrategy: normal, platformName: windows, proxy: Proxy(), se:cdp: ws://localhost:51350/devtoo..., se:cdpVersion: 131.0.6778.205, setWindowRect: true, strictFileInteractability: false, timeouts: {implicit: 0, pageLoad: 300000, script: 30000}, unhandledPromptBehavior: dismiss and notify, webauthn:extension:credBlob: true, webauthn:extension:largeBlob: true, webauthn:extension:minPinLength: true, webauthn:extension:prf: true, webauthn:virtualAuthenticators: true}
Session ID: e4ef4e22d1d365a8041411ff2dd2ecdc
	at org.openqa.selenium.remote.RemoteWebDriver.execute(RemoteWebDriver.java:572)
	at org.openqa.selenium.remote.RemoteWebDriver.execute(RemoteWebDriver.java:618)
	at org.openqa.selenium.remote.RemoteWebDriver.execute(RemoteWebDriver.java:622)
	at org.openqa.selenium.remote.RemoteWebDriver.quit(RemoteWebDriver.java:446)
	at org.openqa.selenium.chromium.ChromiumDriver.quit(ChromiumDriver.java:436)
	at com.myngoc.demotestng.pages.admin.LoginAdminPage.verifyLoginAdmin(LoginAdminPage.java:54)
	at com.myngoc.demotestng.testcases.admin_testcases.LoginAdminTest.loginAdmin(LoginAdminTest.java:41)
	at java.base/java.util.concurrent.ThreadPoolExecutor.runWorker(ThreadPoolExecutor.java:1136)
	at java.base/java.util.concurrent.ThreadPoolExecutor$Worker.run(ThreadPoolExecutor.java:635)
	at java.base/java.lang.Thread.run(Thread.java:842)
Caused by: java.util.concurrent.RejectedExecutionException: Task java.util.concurrent.CompletableFuture$AsyncSupply@63683386 rejected from java.util.concurrent.ThreadPoolExecutor@61a426c3[Shutting down, pool size = 2, active threads = 2, queued tasks = 2, completed tasks = 2]
	at java.base/java.util.concurrent.ThreadPoolExecutor$AbortPolicy.rejectedExecution(ThreadPoolExecutor.java:2065)
	at java.base/java.util.concurrent.ThreadPoolExecutor.reject(ThreadPoolExecutor.java:833)
	at java.base/java.util.concurrent.ThreadPoolExecutor.execute(ThreadPoolExecutor.java:1365)
	at java.base/java.util.concurrent.CompletableFuture.asyncSupplyStage(CompletableFuture.java:1782)
	at java.base/java.util.concurrent.CompletableFuture.supplyAsync(CompletableFuture.java:2005)
	at org.openqa.selenium.remote.service.DriverCommandExecutor.execute(DriverCommandExecutor.java:123)
	at org.openqa.selenium.remote.RemoteWebDriver.execute(RemoteWebDriver.java:545)
	... 18 more
... Removed 9 stack frames</pre>
            </div>
            <a href='#'
               onClick='toggleBox("stack-trace100504067", this, "Click to show all stack frames", "Click to hide stack frames")'>Click
                to show all stack frames</a>
            <div class='stack-trace' id='stack-trace100504067'><pre>org.openqa.selenium.remote.UnreachableBrowserException: Error communicating with the remote browser. It may have died.
Build info: version: &apos;4.26.0&apos;, revision: &apos;8ccf0219d7&apos;
System info: os.name: &apos;Windows 11&apos;, os.arch: &apos;amd64&apos;, os.version: &apos;10.0&apos;, java.version: &apos;17.0.12&apos;
Driver info: org.openqa.selenium.chrome.ChromeDriver
Command: [e4ef4e22d1d365a8041411ff2dd2ecdc, quit []]
Capabilities {acceptInsecureCerts: false, browserName: chrome, browserVersion: 131.0.6778.205, chrome: {chromedriverVersion: 131.0.6778.204 (52183f9e99a..., userDataDir: C:\Users\myngoc.vo\AppData\...}, fedcm:accounts: true, goog:chromeOptions: {debuggerAddress: localhost:51350}, networkConnectionEnabled: false, pageLoadStrategy: normal, platformName: windows, proxy: Proxy(), se:cdp: ws://localhost:51350/devtoo..., se:cdpVersion: 131.0.6778.205, setWindowRect: true, strictFileInteractability: false, timeouts: {implicit: 0, pageLoad: 300000, script: 30000}, unhandledPromptBehavior: dismiss and notify, webauthn:extension:credBlob: true, webauthn:extension:largeBlob: true, webauthn:extension:minPinLength: true, webauthn:extension:prf: true, webauthn:virtualAuthenticators: true}
Session ID: e4ef4e22d1d365a8041411ff2dd2ecdc
	at org.openqa.selenium.remote.RemoteWebDriver.execute(RemoteWebDriver.java:572)
	at org.openqa.selenium.remote.RemoteWebDriver.execute(RemoteWebDriver.java:618)
	at org.openqa.selenium.remote.RemoteWebDriver.execute(RemoteWebDriver.java:622)
	at org.openqa.selenium.remote.RemoteWebDriver.quit(RemoteWebDriver.java:446)
	at org.openqa.selenium.chromium.ChromiumDriver.quit(ChromiumDriver.java:436)
	at com.myngoc.demotestng.pages.admin.LoginAdminPage.verifyLoginAdmin(LoginAdminPage.java:54)
	at com.myngoc.demotestng.testcases.admin_testcases.LoginAdminTest.loginAdmin(LoginAdminTest.java:41)
	at java.base/jdk.internal.reflect.NativeMethodAccessorImpl.invoke0(Native Method)
	at java.base/jdk.internal.reflect.NativeMethodAccessorImpl.invoke(NativeMethodAccessorImpl.java:77)
	at java.base/jdk.internal.reflect.DelegatingMethodAccessorImpl.invoke(DelegatingMethodAccessorImpl.java:43)
	at java.base/java.lang.reflect.Method.invoke(Method.java:568)
	at org.testng.internal.invokers.MethodInvocationHelper.invokeMethod(MethodInvocationHelper.java:141)
	at org.testng.internal.invokers.TestInvoker.invokeMethod(TestInvoker.java:686)
	at org.testng.internal.invokers.TestInvoker.invokeTestMethod(TestInvoker.java:230)
	at org.testng.internal.invokers.TestMethodWithDataProviderMethodWorker.call(TestMethodWithDataProviderMethodWorker.java:81)
	at org.testng.internal.thread.Async$AsyncTask.run(Async.java:34)
	at java.base/java.util.concurrent.ThreadPoolExecutor.runWorker(ThreadPoolExecutor.java:1136)
	at java.base/java.util.concurrent.ThreadPoolExecutor$Worker.run(ThreadPoolExecutor.java:635)
	at java.base/java.lang.Thread.run(Thread.java:842)
Caused by: java.util.concurrent.RejectedExecutionException: Task java.util.concurrent.CompletableFuture$AsyncSupply@63683386 rejected from java.util.concurrent.ThreadPoolExecutor@61a426c3[Shutting down, pool size = 2, active threads = 2, queued tasks = 2, completed tasks = 2]
	at java.base/java.util.concurrent.ThreadPoolExecutor$AbortPolicy.rejectedExecution(ThreadPoolExecutor.java:2065)
	at java.base/java.util.concurrent.ThreadPoolExecutor.reject(ThreadPoolExecutor.java:833)
	at java.base/java.util.concurrent.ThreadPoolExecutor.execute(ThreadPoolExecutor.java:1365)
	at java.base/java.util.concurrent.CompletableFuture.asyncSupplyStage(CompletableFuture.java:1782)
	at java.base/java.util.concurrent.CompletableFuture.supplyAsync(CompletableFuture.java:2005)
	at org.openqa.selenium.remote.service.DriverCommandExecutor.execute(DriverCommandExecutor.java:123)
	at org.openqa.selenium.remote.RemoteWebDriver.execute(RemoteWebDriver.java:545)
	... 18 more
</pre>
            </div>
        </td>
        <td>4</td>
        <td>com.myngoc.demotestng.testcases.admin_testcases.LoginAdminTest@4313f5bc</td>
    </tr>
</table>
<p>
<table border='1' class='invocation-passed' width='100%'>
    <tr>
        <td align='center' colspan='4'><b>PASSED TESTS</b></td>
    </tr>
    <tr>
        <td><b>Test method</b></td>
        <td><b>Attribute(s)</b></td>
        <td width="30%"><b>Exception</b></td>
        <td width="10%"><b>Time (seconds)</b></td>
        <td><b>Instance</b></td>
    </tr>
    <tr>
        <td title='com.myngoc.demotestng.testcases.admin_testcases.LoginAdminTest.loginAdmin()'><b>loginAdmin</b><br>Test
            class: com.myngoc.demotestng.testcases.admin_testcases.LoginAdminTest<br>Parameters: vtmn22070312@gmail.com,
            Ngoc@123, true
        </td>
        <td></td>
        <td>4</td>
        <td>com.myngoc.demotestng.testcases.admin_testcases.LoginAdminTest@4313f5bc</td>
    </tr>
    <tr>
        <td title='com.myngoc.demotestng.testcases.admin_testcases.LoginAdminTest.loginAdmin()'><b>loginAdmin</b><br>Test
            class: com.myngoc.demotestng.testcases.admin_testcases.LoginAdminTest<br>Parameters: vtmn22070312@gmail.com,
            wrongPassword@123, false
        </td>
        <td></td>
        <td>1</td>
        <td>com.myngoc.demotestng.testcases.admin_testcases.LoginAdminTest@4313f5bc</td>
    </tr>
    <tr>
        <td title='com.myngoc.demotestng.testcases.admin_testcases.LoginAdminTest.loginAdmin()'><b>loginAdmin</b><br>Test
            class: com.myngoc.demotestng.testcases.admin_testcases.LoginAdminTest<br>Parameters: vtmn22070312@gmail.com,
            , false
        </td>
        <td></td>
        <td>4</td>
        <td>com.myngoc.demotestng.testcases.admin_testcases.LoginAdminTest@4313f5bc</td>
    </tr>
    <tr>
        <td title='com.myngoc.demotestng.testcases.admin_testcases.LoginAdminTest.loginAdmin()'><b>loginAdmin</b><br>Test
            class: com.myngoc.demotestng.testcases.admin_testcases.LoginAdminTest<br>Parameters: , , false
        </td>
        <td></td>
        <td>4</td>
        <td>com.myngoc.demotestng.testcases.admin_testcases.LoginAdminTest@4313f5bc</td>
    </tr>
</table>
<p>
</body>
</html>