<!DOCTYPE html PUBLIC "-//W3C//DTD XHTML 1.1//EN" "https://www.w3.org/TR/xhtml11/DTD/xhtml11.dtd">
<html xmlns="https://www.w3.org/1999/xhtml">
<head>
    <meta content="text/html; charset=UTF-8" http-equiv="content-type"/>
    <title>TestNG Report</title>
    <style type="text/css">table {
        margin-bottom: 10px;
        border-collapse: collapse;
        empty-cells: show
    }

    th, td {
        border: 1px solid #009;
        padding: .25em .5em
    }

    th {
        vertical-align: bottom
    }

    td {
        vertical-align: top
    }

    table a {
        font-weight: bold
    }

    .stripe td {
        background-color: #E6EBF9
    }

    .num {
        text-align: right
    }

    .passedodd td {
        background-color: #3F3
    }

    .passedeven td {
        background-color: #0A0
    }

    .skippedodd td {
        background-color: #DDD
    }

    .skippedeven td {
        background-color: #CCC
    }

    .failedodd td, .attn {
        background-color: #F33
    }

    .failedeven td, .stripe .attn {
        background-color: #D00
    }

    .stacktrace {
        white-space: pre;
        font-family: monospace
    }

    .totop {
        font-size: 85%;
        text-align: center;
        border-bottom: 2px solid #000
    }

    .invisible {
        display: none
    }</style>
</head>
<body>
<table>
    <tr>
        <th>Test</th>
        <th># Passed</th>
        <th># Skipped</th>
        <th># Retried</th>
        <th># Failed</th>
        <th>Time (ms)</th>
        <th>Included Groups</th>
        <th>Excluded Groups</th>
    </tr>
    <tr>
        <th colspan="8">All Test Suite</th>
    </tr>
    <tr>
        <td><a href="#t0">E:/20212025-IT/20242025-1/IntelliJ/DemoTestNG/src</a></td>
        <td class="num">6</td>
        <td class="num attn">11</td>
        <td class="num">0</td>
        <td class="num attn">7</td>
        <td class="num">49,511</td>
        <td></td>
        <td></td>
    </tr>
</table>
<table id='summary'>
    <thead>
    <tr>
        <th>Class</th>
        <th>Method</th>
        <th>Start</th>
        <th>Time (ms)</th>
    </tr>
    </thead>
    <tbody>
    <tr>
        <th colspan="4">All Test Suite</th>
    </tr>
    </tbody>
    <tbody id="t0">
    <tr>
        <th colspan="4">E:/20212025-IT/20242025-1/IntelliJ/DemoTestNG/src &#8212; failed (configuration methods)</th>
    </tr>
    <tr class="failedeven">
        <td rowspan="1">com.myngoc.demotestng.testcases.customer_testcases.AddBookInCart</td>
        <td><a href="#m0">logoutAfterTests</a></td>
        <td rowspan="1">1735290227329</td>
        <td rowspan="1">1171</td>
    </tr>
    <tr class="failedodd">
        <td rowspan="1">com.myngoc.demotestng.testcases.customer_testcases.MyProfileTest</td>
        <td><a href="#m1">setUp</a></td>
        <td rowspan="1">1735290262736</td>
        <td rowspan="1">945</td>
    </tr>
    <tr class="failedeven">
        <td rowspan="1">com.myngoc.demotestng.testcases.customer_testcases.ShoppingCartTest</td>
        <td><a href="#m2">login</a></td>
        <td rowspan="1">1735290269552</td>
        <td rowspan="1">1209</td>
    </tr>
    <tr>
        <th colspan="4">E:/20212025-IT/20242025-1/IntelliJ/DemoTestNG/src &#8212; failed</th>
    </tr>
    <tr class="failedeven">
        <td rowspan="1">com.myngoc.demotestng.testcases.customer_testcases.AddBookInCart</td>
        <td><a href="#m3">addToCartWhenNotInCart</a></td>
        <td rowspan="1">1735290226110</td>
        <td rowspan="1">1200</td>
    </tr>
    <tr class="failedodd">
        <td rowspan="5">com.myngoc.demotestng.testcases.customer_testcases.HomePageTest</td>
        <td><a href="#m4">openShoppingCartPage_login</a></td>
        <td rowspan="1">1735290231517</td>
        <td rowspan="1">2201</td>
    </tr>
    <tr class="failedodd">
        <td><a href="#m5">openShoppingCartPage_nologin</a></td>
        <td rowspan="1">1735290233723</td>
        <td rowspan="1">1211</td>
    </tr>
    <tr class="failedodd">
        <td><a href="#m6">searchBookMatchingPartialResults</a></td>
        <td rowspan="1">1735290234939</td>
        <td rowspan="1">488</td>
    </tr>
    <tr class="failedodd">
        <td><a href="#m7">searchBookMatchingResults</a></td>
        <td rowspan="1">1735290235430</td>
        <td rowspan="1">410</td>
    </tr>
    <tr class="failedodd">
        <td><a href="#m8">searchBookNoResults</a></td>
        <td rowspan="1">1735290235840</td>
        <td rowspan="1">250</td>
    </tr>
    <tr class="failedeven">
        <td rowspan="1">com.myngoc.demotestng.testcases.customer_testcases.ShoppingCartTest</td>
        <td><a href="#m9">testDeleteSingleBookFromCart</a></td>
        <td rowspan="1">1735290268344</td>
        <td rowspan="1">1196</td>
    </tr>
    <tr>
        <th colspan="4">E:/20212025-IT/20242025-1/IntelliJ/DemoTestNG/src &#8212; skipped (configuration methods)</th>
    </tr>
    <tr class="skippedeven">
        <td rowspan="3">com.myngoc.demotestng.testcases.customer_testcases.AddBookInCart</td>
        <td><a href="#m10">loginBeforeTests</a></td>
        <td rowspan="1">1735290228530</td>
        <td rowspan="1">0</td>
    </tr>
    <tr class="skippedeven">
        <td><a href="#m11">logoutAfterTests</a></td>
        <td rowspan="1">1735290228531</td>
        <td rowspan="1">0</td>
    </tr>
    <tr class="skippedeven">
        <td><a href="#m12">tearDown</a></td>
        <td rowspan="1">1735290228540</td>
        <td rowspan="1">0</td>
    </tr>
    <tr class="skippedodd">
        <td rowspan="13">com.myngoc.demotestng.testcases.customer_testcases.MyProfileTest</td>
        <td><a href="#m13">setUp</a></td>
        <td rowspan="6">1735290263707</td>
        <td rowspan="6">0</td>
    </tr>
    <tr class="skippedodd">
        <td><a href="#m14">setUp</a></td>
    </tr>
    <tr class="skippedodd">
        <td><a href="#m15">setUp</a></td>
    </tr>
    <tr class="skippedodd">
        <td><a href="#m16">setUp</a></td>
    </tr>
    <tr class="skippedodd">
        <td><a href="#m17">setUp</a></td>
    </tr>
    <tr class="skippedodd">
        <td><a href="#m18">setUp</a></td>
    </tr>
    <tr class="skippedodd">
        <td><a href="#m19">tearDown</a></td>
        <td rowspan="7">1735290263749</td>
        <td rowspan="7">0</td>
    </tr>
    <tr class="skippedodd">
        <td><a href="#m20">tearDown</a></td>
    </tr>
    <tr class="skippedodd">
        <td><a href="#m21">tearDown</a></td>
    </tr>
    <tr class="skippedodd">
        <td><a href="#m22">tearDown</a></td>
    </tr>
    <tr class="skippedodd">
        <td><a href="#m23">tearDown</a></td>
    </tr>
    <tr class="skippedodd">
        <td><a href="#m24">tearDown</a></td>
    </tr>
    <tr class="skippedodd">
        <td><a href="#m25">tearDown</a></td>
    </tr>
    <tr class="skippedeven">
        <td rowspan="2">com.myngoc.demotestng.testcases.customer_testcases.ShoppingCartTest</td>
        <td><a href="#m26">login</a></td>
        <td rowspan="1">1735290270770</td>
        <td rowspan="1">0</td>
    </tr>
    <tr class="skippedeven">
        <td><a href="#m27">tearDown</a></td>
        <td rowspan="1">1735290270770</td>
        <td rowspan="1">0</td>
    </tr>
    <tr>
        <th colspan="4">E:/20212025-IT/20242025-1/IntelliJ/DemoTestNG/src &#8212; skipped</th>
    </tr>
    <tr class="skippedeven">
        <td rowspan="2">com.myngoc.demotestng.testcases.customer_testcases.AddBookInCart</td>
        <td><a href="#m28">addToCartWhenAlreadyInCart</a></td>
        <td rowspan="1">1735290228531</td>
        <td rowspan="1">0</td>
    </tr>
    <tr class="skippedeven">
        <td><a href="#m29">addToCartWhenNotInCart_noLogin</a></td>
        <td rowspan="1">1735290228531</td>
        <td rowspan="1">0</td>
    </tr>
    <tr class="skippedodd">
        <td rowspan="7">com.myngoc.demotestng.testcases.customer_testcases.MyProfileTest</td>
        <td><a href="#m30">testConfirmPasswordIncorrectUpdatePassword</a></td>
        <td rowspan="1">1735290263685</td>
        <td rowspan="1">0</td>
    </tr>
    <tr class="skippedodd">
        <td><a href="#m31">testCurrentPasswordIncorrectUpdatePassword</a></td>
        <td rowspan="1">1735290263702</td>
        <td rowspan="1">0</td>
    </tr>
    <tr class="skippedodd">
        <td><a href="#m32">testEmptyUpdateAdress</a></td>
        <td rowspan="1">1735290263708</td>
        <td rowspan="1">0</td>
    </tr>
    <tr class="skippedodd">
        <td><a href="#m33">testIncorrectPhoneNumberUpdateProfile</a></td>
        <td rowspan="1">1735290263716</td>
        <td rowspan="1">0</td>
    </tr>
    <tr class="skippedodd">
        <td><a href="#m34">testUpdateAdress</a></td>
        <td rowspan="1">1735290263729</td>
        <td rowspan="1">0</td>
    </tr>
    <tr class="skippedodd">
        <td><a href="#m35">testUpdatePassword</a></td>
        <td rowspan="1">1735290263741</td>
        <td rowspan="1">0</td>
    </tr>
    <tr class="skippedodd">
        <td><a href="#m36">testUpdateProfile</a></td>
        <td rowspan="1">1735290263747</td>
        <td rowspan="1">2</td>
    </tr>
    <tr class="skippedeven">
        <td rowspan="2">com.myngoc.demotestng.testcases.customer_testcases.ShoppingCartTest</td>
        <td><a href="#m37">testDeleteAllBooksFromCart</a></td>
        <td rowspan="1">1735290270770</td>
        <td rowspan="1">0</td>
    </tr>
    <tr class="skippedeven">
        <td><a href="#m38">testDisplayEmptyShoppingCart</a></td>
        <td rowspan="1">1735290270761</td>
        <td rowspan="1">0</td>
    </tr>
    <tr>
        <th colspan="4">E:/20212025-IT/20242025-1/IntelliJ/DemoTestNG/src &#8212; passed</th>
    </tr>
    <tr class="passedeven">
        <td rowspan="6">com.myngoc.demotestng.testcases.customer_testcases.LoginTest</td>
        <td><a href="#m39">login</a></td>
        <td rowspan="6">1735290250197</td>
        <td rowspan="6">840</td>
    </tr>
    <tr class="passedeven">
        <td><a href="#m40">login</a></td>
    </tr>
    <tr class="passedeven">
        <td><a href="#m41">login</a></td>
    </tr>
    <tr class="passedeven">
        <td><a href="#m42">login</a></td>
    </tr>
    <tr class="passedeven">
        <td><a href="#m43">login</a></td>
    </tr>
    <tr class="passedeven">
        <td><a href="#m44">login</a></td>
    </tr>
    </tbody>
</table>
<h2>E:/20212025-IT/20242025-1/IntelliJ/DemoTestNG/src</h2>
<h3 id="m0">com.myngoc.demotestng.testcases.customer_testcases.AddBookInCart#logoutAfterTests</h3>
<table class="result">
    <tr>
        <th>Exception</th>
    </tr>
    <tr>
        <td>
            <div class="stacktrace">org.openqa.selenium.ElementClickInterceptedException: element click intercepted:
                Element &lt;span _ngcontent-ng-c2795982477=&quot;&quot;&gt;...&lt;/span&gt; is not clickable at point
                (1455, 52). Other element would receive the click: &lt;div _ngcontent-ng-c2362164441=&quot;&quot; class=&quot;modal-overlay&quot;&gt;...&lt;/div&gt;
                (Session info: chrome=131.0.6778.205)
                Build info: version: &apos;4.26.0&apos;, revision: &apos;8ccf0219d7&apos;
                System info: os.name: &apos;Windows 11&apos;, os.arch: &apos;amd64&apos;, os.version: &apos;10.0&apos;,
                java.version: &apos;17.0.12&apos;
                Driver info: org.openqa.selenium.chrome.ChromeDriver
                Command: [696535247b021ccd03bcf311db9d416b, clickElement
                {id=f.39565FB31AFDB33B10073BC4805D72FF.d.7CC05978B0B8C3A4241587AA6D3F215C.e.14}]
                Capabilities {acceptInsecureCerts: false, browserName: chrome, browserVersion: 131.0.6778.205, chrome:
                {chromedriverVersion: 131.0.6778.204 (52183f9e99a..., userDataDir: C:\Users\myngoc.vo\AppData\...},
                fedcm:accounts: true, goog:chromeOptions: {debuggerAddress: localhost:51948}, networkConnectionEnabled:
                false, pageLoadStrategy: normal, platformName: windows, proxy: Proxy(), se:cdp:
                ws://localhost:51948/devtoo..., se:cdpVersion: 131.0.6778.205, setWindowRect: true,
                strictFileInteractability: false, timeouts: {implicit: 0, pageLoad: 300000, script: 30000},
                unhandledPromptBehavior: dismiss and notify, webauthn:extension:credBlob: true,
                webauthn:extension:largeBlob: true, webauthn:extension:minPinLength: true, webauthn:extension:prf: true,
                webauthn:virtualAuthenticators: true}
                Element: [[ChromeDriver: chrome on windows (696535247b021ccd03bcf311db9d416b)] -&gt; xpath:
                //span[contains(text(),&quot;Tài Khoản&quot;)]]
                Session ID: 696535247b021ccd03bcf311db9d416b
                at java.base/jdk.internal.reflect.NativeConstructorAccessorImpl.newInstance0(Native Method)
                at
                java.base/jdk.internal.reflect.NativeConstructorAccessorImpl.newInstance(NativeConstructorAccessorImpl.java:77)
                at
                java.base/jdk.internal.reflect.DelegatingConstructorAccessorImpl.newInstance(DelegatingConstructorAccessorImpl.java:45)
                at java.base/java.lang.reflect.Constructor.newInstanceWithCaller(Constructor.java:499)
                at java.base/java.lang.reflect.Constructor.newInstance(Constructor.java:480)
                at org.openqa.selenium.remote.ErrorCodec.decode(ErrorCodec.java:167)
                at org.openqa.selenium.remote.codec.w3c.W3CHttpResponseCodec.decode(W3CHttpResponseCodec.java:138)
                at org.openqa.selenium.remote.codec.w3c.W3CHttpResponseCodec.decode(W3CHttpResponseCodec.java:50)
                at org.openqa.selenium.remote.HttpCommandExecutor.execute(HttpCommandExecutor.java:190)
                at
                org.openqa.selenium.remote.service.DriverCommandExecutor.invokeExecute(DriverCommandExecutor.java:216)
                at org.openqa.selenium.remote.service.DriverCommandExecutor.execute(DriverCommandExecutor.java:174)
                at org.openqa.selenium.remote.RemoteWebDriver.execute(RemoteWebDriver.java:545)
                at org.openqa.selenium.remote.RemoteWebElement.execute(RemoteWebElement.java:223)
                at org.openqa.selenium.remote.RemoteWebElement.click(RemoteWebElement.java:76)
                at java.base/jdk.internal.reflect.NativeMethodAccessorImpl.invoke0(Native Method)
                at java.base/jdk.internal.reflect.NativeMethodAccessorImpl.invoke(NativeMethodAccessorImpl.java:77)
                at
                java.base/jdk.internal.reflect.DelegatingMethodAccessorImpl.invoke(DelegatingMethodAccessorImpl.java:43)
                at java.base/java.lang.reflect.Method.invoke(Method.java:568)
                at
                org.openqa.selenium.support.pagefactory.internal.LocatingElementHandler.invoke(LocatingElementHandler.java:51)
                at jdk.proxy2/jdk.proxy2.$Proxy14.click(Unknown Source)
                at com.myngoc.demotestng.common.ValidateHelper.clickElement(ValidateHelper.java:59)
                at com.myngoc.demotestng.pages.customer.HomePage.openMyProfilePage(HomePage.java:50)
                at com.myngoc.demotestng.pages.customer.MyProfilePage.logout(MyProfilePage.java:84)
                at
                com.myngoc.demotestng.testcases.customer_testcases.AddBookInCart.logoutAfterTests(AddBookInCart.java:40)
                at java.base/jdk.internal.reflect.NativeMethodAccessorImpl.invoke0(Native Method)
                at java.base/jdk.internal.reflect.NativeMethodAccessorImpl.invoke(NativeMethodAccessorImpl.java:77)
                at
                java.base/jdk.internal.reflect.DelegatingMethodAccessorImpl.invoke(DelegatingMethodAccessorImpl.java:43)
                at java.base/java.lang.reflect.Method.invoke(Method.java:568)
                at org.testng.internal.invokers.MethodInvocationHelper.invokeMethod(MethodInvocationHelper.java:141)
                at
                org.testng.internal.invokers.MethodInvocationHelper.invokeMethodConsideringTimeout(MethodInvocationHelper.java:71)
                at org.testng.internal.invokers.ConfigInvoker.invokeConfigurationMethod(ConfigInvoker.java:400)
                at org.testng.internal.invokers.ConfigInvoker.invokeConfigurations(ConfigInvoker.java:333)
                at org.testng.internal.invokers.TestInvoker.runConfigMethods(TestInvoker.java:833)
                at org.testng.internal.invokers.TestInvoker.runAfterConfigurations(TestInvoker.java:802)
                at org.testng.internal.invokers.TestInvoker.invokeMethod(TestInvoker.java:778)
                at org.testng.internal.invokers.TestInvoker.invokeTestMethod(TestInvoker.java:230)
                at org.testng.internal.invokers.MethodRunner.runInSequence(MethodRunner.java:63)
                at org.testng.internal.invokers.TestInvoker$MethodInvocationAgent.invoke(TestInvoker.java:992)
                at org.testng.internal.invokers.TestInvoker.invokeTestMethods(TestInvoker.java:203)
                at org.testng.internal.invokers.TestMethodWorker.invokeTestMethods(TestMethodWorker.java:154)
                at org.testng.internal.invokers.TestMethodWorker.run(TestMethodWorker.java:134)
                at java.base/java.util.ArrayList.forEach(ArrayList.java:1511)
                at org.testng.TestRunner.privateRun(TestRunner.java:739)
                at org.testng.TestRunner.run(TestRunner.java:614)
                at org.testng.SuiteRunner.runTest(SuiteRunner.java:421)
                at org.testng.SuiteRunner.runSequentially(SuiteRunner.java:413)
                at org.testng.SuiteRunner.privateRun(SuiteRunner.java:373)
                at org.testng.SuiteRunner.run(SuiteRunner.java:312)
                at org.testng.SuiteRunnerWorker.runSuite(SuiteRunnerWorker.java:52)
                at org.testng.SuiteRunnerWorker.run(SuiteRunnerWorker.java:95)
                at org.testng.TestNG.runSuitesSequentially(TestNG.java:1274)
                at org.testng.TestNG.runSuitesLocally(TestNG.java:1208)
                at org.testng.TestNG.runSuites(TestNG.java:1112)
                at org.testng.TestNG.run(TestNG.java:1079)
                at com.intellij.rt.testng.IDEARemoteTestNG.run(IDEARemoteTestNG.java:65)
                at com.intellij.rt.testng.RemoteTestNGStarter.main(RemoteTestNGStarter.java:105)
            </div>
        </td>
    </tr>
</table>
<p class="totop"><a href="#summary">back to summary</a></p>
<h3 id="m1">com.myngoc.demotestng.testcases.customer_testcases.MyProfileTest#setUp</h3>
<table class="result">
    <tr>
        <th>Exception</th>
    </tr>
    <tr>
        <td>
            <div class="stacktrace">java.lang.NullPointerException: Cannot invoke &quot;java.lang.Integer.intValue()&quot;
                because the return value of &quot;java.util.Map.get(Object)&quot; is null
                at com.myngoc.demotestng.common.ExcelHelper.getCellStringData(ExcelHelper.java:84)
                at com.myngoc.demotestng.testcases.customer_testcases.MyProfileTest.setUp(MyProfileTest.java:37)
                at java.base/jdk.internal.reflect.NativeMethodAccessorImpl.invoke0(Native Method)
                at java.base/jdk.internal.reflect.NativeMethodAccessorImpl.invoke(NativeMethodAccessorImpl.java:77)
                at
                java.base/jdk.internal.reflect.DelegatingMethodAccessorImpl.invoke(DelegatingMethodAccessorImpl.java:43)
                at java.base/java.lang.reflect.Method.invoke(Method.java:568)
                at org.testng.internal.invokers.MethodInvocationHelper.invokeMethod(MethodInvocationHelper.java:141)
                at
                org.testng.internal.invokers.MethodInvocationHelper.invokeMethodConsideringTimeout(MethodInvocationHelper.java:71)
                at org.testng.internal.invokers.ConfigInvoker.invokeConfigurationMethod(ConfigInvoker.java:400)
                at org.testng.internal.invokers.ConfigInvoker.invokeConfigurations(ConfigInvoker.java:333)
                at org.testng.internal.invokers.TestInvoker.runConfigMethods(TestInvoker.java:833)
                at org.testng.internal.invokers.TestInvoker.invokeMethod(TestInvoker.java:600)
                at org.testng.internal.invokers.TestInvoker.invokeTestMethod(TestInvoker.java:230)
                at org.testng.internal.invokers.MethodRunner.runInSequence(MethodRunner.java:63)
                at org.testng.internal.invokers.TestInvoker$MethodInvocationAgent.invoke(TestInvoker.java:992)
                at org.testng.internal.invokers.TestInvoker.invokeTestMethods(TestInvoker.java:203)
                at org.testng.internal.invokers.TestMethodWorker.invokeTestMethods(TestMethodWorker.java:154)
                at org.testng.internal.invokers.TestMethodWorker.run(TestMethodWorker.java:134)
                at java.base/java.util.ArrayList.forEach(ArrayList.java:1511)
                at org.testng.TestRunner.privateRun(TestRunner.java:739)
                at org.testng.TestRunner.run(TestRunner.java:614)
                at org.testng.SuiteRunner.runTest(SuiteRunner.java:421)
                at org.testng.SuiteRunner.runSequentially(SuiteRunner.java:413)
                at org.testng.SuiteRunner.privateRun(SuiteRunner.java:373)
                at org.testng.SuiteRunner.run(SuiteRunner.java:312)
                at org.testng.SuiteRunnerWorker.runSuite(SuiteRunnerWorker.java:52)
                at org.testng.SuiteRunnerWorker.run(SuiteRunnerWorker.java:95)
                at org.testng.TestNG.runSuitesSequentially(TestNG.java:1274)
                at org.testng.TestNG.runSuitesLocally(TestNG.java:1208)
                at org.testng.TestNG.runSuites(TestNG.java:1112)
                at org.testng.TestNG.run(TestNG.java:1079)
                at com.intellij.rt.testng.IDEARemoteTestNG.run(IDEARemoteTestNG.java:65)
                at com.intellij.rt.testng.RemoteTestNGStarter.main(RemoteTestNGStarter.java:105)
            </div>
        </td>
    </tr>
</table>
<p class="totop"><a href="#summary">back to summary</a></p>
<h3 id="m2">com.myngoc.demotestng.testcases.customer_testcases.ShoppingCartTest#login</h3>
<table class="result">
    <tr>
        <th>Exception</th>
    </tr>
    <tr>
        <td>
            <div class="stacktrace">org.openqa.selenium.ElementClickInterceptedException: element click intercepted:
                Element &lt;span _ngcontent-ng-c2795982477=&quot;&quot;&gt;...&lt;/span&gt; is not clickable at point
                (1455, 52). Other element would receive the click: &lt;div _ngcontent-ng-c2362164441=&quot;&quot; class=&quot;modal-overlay&quot;&gt;...&lt;/div&gt;
                (Session info: chrome=131.0.6778.205)
                Build info: version: &apos;4.26.0&apos;, revision: &apos;8ccf0219d7&apos;
                System info: os.name: &apos;Windows 11&apos;, os.arch: &apos;amd64&apos;, os.version: &apos;10.0&apos;,
                java.version: &apos;17.0.12&apos;
                Driver info: org.openqa.selenium.chrome.ChromeDriver
                Command: [85012d998d6b64127bbc36ce4110dd93, clickElement
                {id=f.3E79AB9F89F80903179767D3F56C0CDB.d.BD6C6A91226ADB530E5FCC3F5D93C30C.e.14}]
                Capabilities {acceptInsecureCerts: false, browserName: chrome, browserVersion: 131.0.6778.205, chrome:
                {chromedriverVersion: 131.0.6778.204 (52183f9e99a..., userDataDir: C:\Users\myngoc.vo\AppData\...},
                fedcm:accounts: true, goog:chromeOptions: {debuggerAddress: localhost:52244}, networkConnectionEnabled:
                false, pageLoadStrategy: normal, platformName: windows, proxy: Proxy(), se:cdp:
                ws://localhost:52244/devtoo..., se:cdpVersion: 131.0.6778.205, setWindowRect: true,
                strictFileInteractability: false, timeouts: {implicit: 0, pageLoad: 300000, script: 30000},
                unhandledPromptBehavior: dismiss and notify, webauthn:extension:credBlob: true,
                webauthn:extension:largeBlob: true, webauthn:extension:minPinLength: true, webauthn:extension:prf: true,
                webauthn:virtualAuthenticators: true}
                Element: [[ChromeDriver: chrome on windows (85012d998d6b64127bbc36ce4110dd93)] -&gt; xpath:
                //span[contains(text(),&quot;Tài Khoản&quot;)]]
                Session ID: 85012d998d6b64127bbc36ce4110dd93
                at java.base/jdk.internal.reflect.NativeConstructorAccessorImpl.newInstance0(Native Method)
                at
                java.base/jdk.internal.reflect.NativeConstructorAccessorImpl.newInstance(NativeConstructorAccessorImpl.java:77)
                at
                java.base/jdk.internal.reflect.DelegatingConstructorAccessorImpl.newInstance(DelegatingConstructorAccessorImpl.java:45)
                at java.base/java.lang.reflect.Constructor.newInstanceWithCaller(Constructor.java:499)
                at java.base/java.lang.reflect.Constructor.newInstance(Constructor.java:480)
                at org.openqa.selenium.remote.ErrorCodec.decode(ErrorCodec.java:167)
                at org.openqa.selenium.remote.codec.w3c.W3CHttpResponseCodec.decode(W3CHttpResponseCodec.java:138)
                at org.openqa.selenium.remote.codec.w3c.W3CHttpResponseCodec.decode(W3CHttpResponseCodec.java:50)
                at org.openqa.selenium.remote.HttpCommandExecutor.execute(HttpCommandExecutor.java:190)
                at
                org.openqa.selenium.remote.service.DriverCommandExecutor.invokeExecute(DriverCommandExecutor.java:216)
                at org.openqa.selenium.remote.service.DriverCommandExecutor.execute(DriverCommandExecutor.java:174)
                at org.openqa.selenium.remote.RemoteWebDriver.execute(RemoteWebDriver.java:545)
                at org.openqa.selenium.remote.RemoteWebElement.execute(RemoteWebElement.java:223)
                at org.openqa.selenium.remote.RemoteWebElement.click(RemoteWebElement.java:76)
                at jdk.internal.reflect.GeneratedMethodAccessor4.invoke(Unknown Source)
                at
                java.base/jdk.internal.reflect.DelegatingMethodAccessorImpl.invoke(DelegatingMethodAccessorImpl.java:43)
                at java.base/java.lang.reflect.Method.invoke(Method.java:568)
                at
                org.openqa.selenium.support.pagefactory.internal.LocatingElementHandler.invoke(LocatingElementHandler.java:51)
                at jdk.proxy2/jdk.proxy2.$Proxy14.click(Unknown Source)
                at com.myngoc.demotestng.common.ValidateHelper.clickElement(ValidateHelper.java:59)
                at com.myngoc.demotestng.pages.customer.LoginPage.login(LoginPage.java:38)
                at com.myngoc.demotestng.testcases.customer_testcases.ShoppingCartTest.login(ShoppingCartTest.java:45)
                at java.base/jdk.internal.reflect.NativeMethodAccessorImpl.invoke0(Native Method)
                at java.base/jdk.internal.reflect.NativeMethodAccessorImpl.invoke(NativeMethodAccessorImpl.java:77)
                at
                java.base/jdk.internal.reflect.DelegatingMethodAccessorImpl.invoke(DelegatingMethodAccessorImpl.java:43)
                at java.base/java.lang.reflect.Method.invoke(Method.java:568)
                at org.testng.internal.invokers.MethodInvocationHelper.invokeMethod(MethodInvocationHelper.java:141)
                at
                org.testng.internal.invokers.MethodInvocationHelper.invokeMethodConsideringTimeout(MethodInvocationHelper.java:71)
                at org.testng.internal.invokers.ConfigInvoker.invokeConfigurationMethod(ConfigInvoker.java:400)
                at org.testng.internal.invokers.ConfigInvoker.invokeConfigurations(ConfigInvoker.java:333)
                at org.testng.internal.invokers.TestInvoker.runConfigMethods(TestInvoker.java:833)
                at org.testng.internal.invokers.TestInvoker.invokeMethod(TestInvoker.java:600)
                at org.testng.internal.invokers.TestInvoker.invokeTestMethod(TestInvoker.java:230)
                at org.testng.internal.invokers.MethodRunner.runInSequence(MethodRunner.java:63)
                at org.testng.internal.invokers.TestInvoker$MethodInvocationAgent.invoke(TestInvoker.java:992)
                at org.testng.internal.invokers.TestInvoker.invokeTestMethods(TestInvoker.java:203)
                at org.testng.internal.invokers.TestMethodWorker.invokeTestMethods(TestMethodWorker.java:154)
                at org.testng.internal.invokers.TestMethodWorker.run(TestMethodWorker.java:134)
                at java.base/java.util.ArrayList.forEach(ArrayList.java:1511)
                at org.testng.TestRunner.privateRun(TestRunner.java:739)
                at org.testng.TestRunner.run(TestRunner.java:614)
                at org.testng.SuiteRunner.runTest(SuiteRunner.java:421)
                at org.testng.SuiteRunner.runSequentially(SuiteRunner.java:413)
                at org.testng.SuiteRunner.privateRun(SuiteRunner.java:373)
                at org.testng.SuiteRunner.run(SuiteRunner.java:312)
                at org.testng.SuiteRunnerWorker.runSuite(SuiteRunnerWorker.java:52)
                at org.testng.SuiteRunnerWorker.run(SuiteRunnerWorker.java:95)
                at org.testng.TestNG.runSuitesSequentially(TestNG.java:1274)
                at org.testng.TestNG.runSuitesLocally(TestNG.java:1208)
                at org.testng.TestNG.runSuites(TestNG.java:1112)
                at org.testng.TestNG.run(TestNG.java:1079)
                at com.intellij.rt.testng.IDEARemoteTestNG.run(IDEARemoteTestNG.java:65)
                at com.intellij.rt.testng.RemoteTestNGStarter.main(RemoteTestNGStarter.java:105)
            </div>
        </td>
    </tr>
</table>
<p class="totop"><a href="#summary">back to summary</a></p>
<h3 id="m3">com.myngoc.demotestng.testcases.customer_testcases.AddBookInCart#addToCartWhenNotInCart</h3>
<table class="result">
    <tr>
        <th>Exception</th>
    </tr>
    <tr>
        <td>
            <div class="stacktrace">org.openqa.selenium.ElementClickInterceptedException: element click intercepted:
                Element &lt;span _ngcontent-ng-c2795982477=&quot;&quot;&gt;...&lt;/span&gt; is not clickable at point
                (1455, 52). Other element would receive the click: &lt;div _ngcontent-ng-c2362164441=&quot;&quot; class=&quot;modal-overlay&quot;&gt;...&lt;/div&gt;
                (Session info: chrome=131.0.6778.205)
                Build info: version: &apos;4.26.0&apos;, revision: &apos;8ccf0219d7&apos;
                System info: os.name: &apos;Windows 11&apos;, os.arch: &apos;amd64&apos;, os.version: &apos;10.0&apos;,
                java.version: &apos;17.0.12&apos;
                Driver info: org.openqa.selenium.chrome.ChromeDriver
                Command: [696535247b021ccd03bcf311db9d416b, clickElement
                {id=f.39565FB31AFDB33B10073BC4805D72FF.d.7CC05978B0B8C3A4241587AA6D3F215C.e.14}]
                Capabilities {acceptInsecureCerts: false, browserName: chrome, browserVersion: 131.0.6778.205, chrome:
                {chromedriverVersion: 131.0.6778.204 (52183f9e99a..., userDataDir: C:\Users\myngoc.vo\AppData\...},
                fedcm:accounts: true, goog:chromeOptions: {debuggerAddress: localhost:51948}, networkConnectionEnabled:
                false, pageLoadStrategy: normal, platformName: windows, proxy: Proxy(), se:cdp:
                ws://localhost:51948/devtoo..., se:cdpVersion: 131.0.6778.205, setWindowRect: true,
                strictFileInteractability: false, timeouts: {implicit: 0, pageLoad: 300000, script: 30000},
                unhandledPromptBehavior: dismiss and notify, webauthn:extension:credBlob: true,
                webauthn:extension:largeBlob: true, webauthn:extension:minPinLength: true, webauthn:extension:prf: true,
                webauthn:virtualAuthenticators: true}
                Element: [[ChromeDriver: chrome on windows (696535247b021ccd03bcf311db9d416b)] -&gt; xpath:
                //span[contains(text(),&quot;Tài Khoản&quot;)]]
                Session ID: 696535247b021ccd03bcf311db9d416b
                at java.base/jdk.internal.reflect.NativeConstructorAccessorImpl.newInstance0(Native Method)
                at
                java.base/jdk.internal.reflect.NativeConstructorAccessorImpl.newInstance(NativeConstructorAccessorImpl.java:77)
                at
                java.base/jdk.internal.reflect.DelegatingConstructorAccessorImpl.newInstance(DelegatingConstructorAccessorImpl.java:45)
                at java.base/java.lang.reflect.Constructor.newInstanceWithCaller(Constructor.java:499)
                at java.base/java.lang.reflect.Constructor.newInstance(Constructor.java:480)
                at org.openqa.selenium.remote.ErrorCodec.decode(ErrorCodec.java:167)
                at org.openqa.selenium.remote.codec.w3c.W3CHttpResponseCodec.decode(W3CHttpResponseCodec.java:138)
                at org.openqa.selenium.remote.codec.w3c.W3CHttpResponseCodec.decode(W3CHttpResponseCodec.java:50)
                at org.openqa.selenium.remote.HttpCommandExecutor.execute(HttpCommandExecutor.java:190)
                at
                org.openqa.selenium.remote.service.DriverCommandExecutor.invokeExecute(DriverCommandExecutor.java:216)
                at org.openqa.selenium.remote.service.DriverCommandExecutor.execute(DriverCommandExecutor.java:174)
                at org.openqa.selenium.remote.RemoteWebDriver.execute(RemoteWebDriver.java:545)
                at org.openqa.selenium.remote.RemoteWebElement.execute(RemoteWebElement.java:223)
                at org.openqa.selenium.remote.RemoteWebElement.click(RemoteWebElement.java:76)
                at java.base/jdk.internal.reflect.NativeMethodAccessorImpl.invoke0(Native Method)
                at java.base/jdk.internal.reflect.NativeMethodAccessorImpl.invoke(NativeMethodAccessorImpl.java:77)
                at
                java.base/jdk.internal.reflect.DelegatingMethodAccessorImpl.invoke(DelegatingMethodAccessorImpl.java:43)
                at java.base/java.lang.reflect.Method.invoke(Method.java:568)
                at
                org.openqa.selenium.support.pagefactory.internal.LocatingElementHandler.invoke(LocatingElementHandler.java:51)
                at jdk.proxy2/jdk.proxy2.$Proxy14.click(Unknown Source)
                at com.myngoc.demotestng.common.ValidateHelper.clickElement(ValidateHelper.java:59)
                at com.myngoc.demotestng.pages.customer.HomePage.openMyProfilePage(HomePage.java:50)
                at com.myngoc.demotestng.pages.customer.MyProfilePage.isLoggedIn(MyProfilePage.java:79)
                at
                com.myngoc.demotestng.pages.customer.ProductDetailPage.verifyAddToCartMessage(ProductDetailPage.java:47)
                at
                com.myngoc.demotestng.testcases.customer_testcases.AddBookInCart.addToCartWhenNotInCart(AddBookInCart.java:45)
                at java.base/jdk.internal.reflect.NativeMethodAccessorImpl.invoke0(Native Method)
                at java.base/jdk.internal.reflect.NativeMethodAccessorImpl.invoke(NativeMethodAccessorImpl.java:77)
                at
                java.base/jdk.internal.reflect.DelegatingMethodAccessorImpl.invoke(DelegatingMethodAccessorImpl.java:43)
                at java.base/java.lang.reflect.Method.invoke(Method.java:568)
                at org.testng.internal.invokers.MethodInvocationHelper.invokeMethod(MethodInvocationHelper.java:141)
                at org.testng.internal.invokers.TestInvoker.invokeMethod(TestInvoker.java:686)
                at org.testng.internal.invokers.TestInvoker.invokeTestMethod(TestInvoker.java:230)
                at org.testng.internal.invokers.MethodRunner.runInSequence(MethodRunner.java:63)
                at org.testng.internal.invokers.TestInvoker$MethodInvocationAgent.invoke(TestInvoker.java:992)
                at org.testng.internal.invokers.TestInvoker.invokeTestMethods(TestInvoker.java:203)
                at org.testng.internal.invokers.TestMethodWorker.invokeTestMethods(TestMethodWorker.java:154)
                at org.testng.internal.invokers.TestMethodWorker.run(TestMethodWorker.java:134)
                at java.base/java.util.ArrayList.forEach(ArrayList.java:1511)
                at org.testng.TestRunner.privateRun(TestRunner.java:739)
                at org.testng.TestRunner.run(TestRunner.java:614)
                at org.testng.SuiteRunner.runTest(SuiteRunner.java:421)
                at org.testng.SuiteRunner.runSequentially(SuiteRunner.java:413)
                at org.testng.SuiteRunner.privateRun(SuiteRunner.java:373)
                at org.testng.SuiteRunner.run(SuiteRunner.java:312)
                at org.testng.SuiteRunnerWorker.runSuite(SuiteRunnerWorker.java:52)
                at org.testng.SuiteRunnerWorker.run(SuiteRunnerWorker.java:95)
                at org.testng.TestNG.runSuitesSequentially(TestNG.java:1274)
                at org.testng.TestNG.runSuitesLocally(TestNG.java:1208)
                at org.testng.TestNG.runSuites(TestNG.java:1112)
                at org.testng.TestNG.run(TestNG.java:1079)
                at com.intellij.rt.testng.IDEARemoteTestNG.run(IDEARemoteTestNG.java:65)
                at com.intellij.rt.testng.RemoteTestNGStarter.main(RemoteTestNGStarter.java:105)
            </div>
        </td>
    </tr>
</table>
<p class="totop"><a href="#summary">back to summary</a></p>
<h3 id="m4">com.myngoc.demotestng.testcases.customer_testcases.HomePageTest#openShoppingCartPage_login</h3>
<table class="result">
    <tr>
        <th>Exception</th>
    </tr>
    <tr>
        <td>
            <div class="stacktrace">org.openqa.selenium.ElementClickInterceptedException: element click intercepted:
                Element &lt;mat-icon _ngcontent-ng-c2795982477=&quot;&quot; role=&quot;img&quot; class=&quot;mat-icon
                notranslate material-icons mat-ligature-font mat-icon-no-color&quot; aria-hidden=&quot;true&quot;
                data-mat-icon-type=&quot;font&quot;&gt;...&lt;/mat-icon&gt; is not clickable at point (1368, 28). Other
                element would receive the click: &lt;div _ngcontent-ng-c2362164441=&quot;&quot; class=&quot;modal-overlay&quot;&gt;...&lt;/div&gt;
                (Session info: chrome=131.0.6778.205)
                Build info: version: &apos;4.26.0&apos;, revision: &apos;8ccf0219d7&apos;
                System info: os.name: &apos;Windows 11&apos;, os.arch: &apos;amd64&apos;, os.version: &apos;10.0&apos;,
                java.version: &apos;17.0.12&apos;
                Driver info: org.openqa.selenium.chrome.ChromeDriver
                Command: [ac973e4dce5e0e60ba0ce2956f0f9bf8, clickElement
                {id=f.1B8BE0D878DFEDEEEB2B0C833B73981A.d.68AC615DB4402B260023FCAD43614CF8.e.37}]
                Capabilities {acceptInsecureCerts: false, browserName: chrome, browserVersion: 131.0.6778.205, chrome:
                {chromedriverVersion: 131.0.6778.204 (52183f9e99a..., userDataDir: C:\Users\myngoc.vo\AppData\...},
                fedcm:accounts: true, goog:chromeOptions: {debuggerAddress: localhost:51982}, networkConnectionEnabled:
                false, pageLoadStrategy: normal, platformName: windows, proxy: Proxy(), se:cdp:
                ws://localhost:51982/devtoo..., se:cdpVersion: 131.0.6778.205, setWindowRect: true,
                strictFileInteractability: false, timeouts: {implicit: 0, pageLoad: 300000, script: 30000},
                unhandledPromptBehavior: dismiss and notify, webauthn:extension:credBlob: true,
                webauthn:extension:largeBlob: true, webauthn:extension:minPinLength: true, webauthn:extension:prf: true,
                webauthn:virtualAuthenticators: true}
                Element: [[ChromeDriver: chrome on windows (ac973e4dce5e0e60ba0ce2956f0f9bf8)] -&gt; xpath:
                //mat-icon[normalize-space()=&quot;shopping_cart&quot;]]
                Session ID: ac973e4dce5e0e60ba0ce2956f0f9bf8
                at java.base/jdk.internal.reflect.NativeConstructorAccessorImpl.newInstance0(Native Method)
                at
                java.base/jdk.internal.reflect.NativeConstructorAccessorImpl.newInstance(NativeConstructorAccessorImpl.java:77)
                at
                java.base/jdk.internal.reflect.DelegatingConstructorAccessorImpl.newInstance(DelegatingConstructorAccessorImpl.java:45)
                at java.base/java.lang.reflect.Constructor.newInstanceWithCaller(Constructor.java:499)
                at java.base/java.lang.reflect.Constructor.newInstance(Constructor.java:480)
                at org.openqa.selenium.remote.ErrorCodec.decode(ErrorCodec.java:167)
                at org.openqa.selenium.remote.codec.w3c.W3CHttpResponseCodec.decode(W3CHttpResponseCodec.java:138)
                at org.openqa.selenium.remote.codec.w3c.W3CHttpResponseCodec.decode(W3CHttpResponseCodec.java:50)
                at org.openqa.selenium.remote.HttpCommandExecutor.execute(HttpCommandExecutor.java:190)
                at
                org.openqa.selenium.remote.service.DriverCommandExecutor.invokeExecute(DriverCommandExecutor.java:216)
                at org.openqa.selenium.remote.service.DriverCommandExecutor.execute(DriverCommandExecutor.java:174)
                at org.openqa.selenium.remote.RemoteWebDriver.execute(RemoteWebDriver.java:545)
                at org.openqa.selenium.remote.RemoteWebElement.execute(RemoteWebElement.java:223)
                at org.openqa.selenium.remote.RemoteWebElement.click(RemoteWebElement.java:76)
                at java.base/jdk.internal.reflect.NativeMethodAccessorImpl.invoke0(Native Method)
                at java.base/jdk.internal.reflect.NativeMethodAccessorImpl.invoke(NativeMethodAccessorImpl.java:77)
                at
                java.base/jdk.internal.reflect.DelegatingMethodAccessorImpl.invoke(DelegatingMethodAccessorImpl.java:43)
                at java.base/java.lang.reflect.Method.invoke(Method.java:568)
                at
                org.openqa.selenium.support.pagefactory.internal.LocatingElementHandler.invoke(LocatingElementHandler.java:51)
                at jdk.proxy2/jdk.proxy2.$Proxy14.click(Unknown Source)
                at com.myngoc.demotestng.common.ValidateHelper.clickElement(ValidateHelper.java:59)
                at openShoppingCart(HomePage.java:40)
                at
                com.myngoc.demotestng.testcases.customer_testcases.HomePageTest.openShoppingCartPage_login(HomePageTest.java:43)
                at java.base/jdk.internal.reflect.NativeMethodAccessorImpl.invoke0(Native Method)
                at java.base/jdk.internal.reflect.NativeMethodAccessorImpl.invoke(NativeMethodAccessorImpl.java:77)
                at
                java.base/jdk.internal.reflect.DelegatingMethodAccessorImpl.invoke(DelegatingMethodAccessorImpl.java:43)
                at java.base/java.lang.reflect.Method.invoke(Method.java:568)
                at org.testng.internal.invokers.MethodInvocationHelper.invokeMethod(MethodInvocationHelper.java:141)
                at org.testng.internal.invokers.TestInvoker.invokeMethod(TestInvoker.java:686)
                at org.testng.internal.invokers.TestInvoker.invokeTestMethod(TestInvoker.java:230)
                at org.testng.internal.invokers.MethodRunner.runInSequence(MethodRunner.java:63)
                at org.testng.internal.invokers.TestInvoker$MethodInvocationAgent.invoke(TestInvoker.java:992)
                at org.testng.internal.invokers.TestInvoker.invokeTestMethods(TestInvoker.java:203)
                at org.testng.internal.invokers.TestMethodWorker.invokeTestMethods(TestMethodWorker.java:154)
                at org.testng.internal.invokers.TestMethodWorker.run(TestMethodWorker.java:134)
                at java.base/java.util.ArrayList.forEach(ArrayList.java:1511)
                at org.testng.TestRunner.privateRun(TestRunner.java:739)
                at org.testng.TestRunner.run(TestRunner.java:614)
                at org.testng.SuiteRunner.runTest(SuiteRunner.java:421)
                at org.testng.SuiteRunner.runSequentially(SuiteRunner.java:413)
                at org.testng.SuiteRunner.privateRun(SuiteRunner.java:373)
                at org.testng.SuiteRunner.run(SuiteRunner.java:312)
                at org.testng.SuiteRunnerWorker.runSuite(SuiteRunnerWorker.java:52)
                at org.testng.SuiteRunnerWorker.run(SuiteRunnerWorker.java:95)
                at org.testng.TestNG.runSuitesSequentially(TestNG.java:1274)
                at org.testng.TestNG.runSuitesLocally(TestNG.java:1208)
                at org.testng.TestNG.runSuites(TestNG.java:1112)
                at org.testng.TestNG.run(TestNG.java:1079)
                at com.intellij.rt.testng.IDEARemoteTestNG.run(IDEARemoteTestNG.java:65)
                at com.intellij.rt.testng.RemoteTestNGStarter.main(RemoteTestNGStarter.java:105)
            </div>
        </td>
    </tr>
</table>
<p class="totop"><a href="#summary">back to summary</a></p>
<h3 id="m5">com.myngoc.demotestng.testcases.customer_testcases.HomePageTest#openShoppingCartPage_nologin</h3>
<table class="result">
    <tr>
        <th>Exception</th>
    </tr>
    <tr>
        <td>
            <div class="stacktrace">org.openqa.selenium.ElementClickInterceptedException: element click intercepted:
                Element &lt;mat-icon _ngcontent-ng-c2795982477=&quot;&quot; role=&quot;img&quot; class=&quot;mat-icon
                notranslate material-icons mat-ligature-font mat-icon-no-color&quot; aria-hidden=&quot;true&quot;
                data-mat-icon-type=&quot;font&quot;&gt;...&lt;/mat-icon&gt; is not clickable at point (1368, 28). Other
                element would receive the click: &lt;div _ngcontent-ng-c2362164441=&quot;&quot; class=&quot;modal-overlay&quot;&gt;...&lt;/div&gt;
                (Session info: chrome=131.0.6778.205)
                Build info: version: &apos;4.26.0&apos;, revision: &apos;8ccf0219d7&apos;
                System info: os.name: &apos;Windows 11&apos;, os.arch: &apos;amd64&apos;, os.version: &apos;10.0&apos;,
                java.version: &apos;17.0.12&apos;
                Driver info: org.openqa.selenium.chrome.ChromeDriver
                Command: [ac973e4dce5e0e60ba0ce2956f0f9bf8, clickElement
                {id=f.1B8BE0D878DFEDEEEB2B0C833B73981A.d.68AC615DB4402B260023FCAD43614CF8.e.37}]
                Capabilities {acceptInsecureCerts: false, browserName: chrome, browserVersion: 131.0.6778.205, chrome:
                {chromedriverVersion: 131.0.6778.204 (52183f9e99a..., userDataDir: C:\Users\myngoc.vo\AppData\...},
                fedcm:accounts: true, goog:chromeOptions: {debuggerAddress: localhost:51982}, networkConnectionEnabled:
                false, pageLoadStrategy: normal, platformName: windows, proxy: Proxy(), se:cdp:
                ws://localhost:51982/devtoo..., se:cdpVersion: 131.0.6778.205, setWindowRect: true,
                strictFileInteractability: false, timeouts: {implicit: 0, pageLoad: 300000, script: 30000},
                unhandledPromptBehavior: dismiss and notify, webauthn:extension:credBlob: true,
                webauthn:extension:largeBlob: true, webauthn:extension:minPinLength: true, webauthn:extension:prf: true,
                webauthn:virtualAuthenticators: true}
                Element: [[ChromeDriver: chrome on windows (ac973e4dce5e0e60ba0ce2956f0f9bf8)] -&gt; xpath:
                //mat-icon[normalize-space()=&quot;shopping_cart&quot;]]
                Session ID: ac973e4dce5e0e60ba0ce2956f0f9bf8
                at java.base/jdk.internal.reflect.NativeConstructorAccessorImpl.newInstance0(Native Method)
                at
                java.base/jdk.internal.reflect.NativeConstructorAccessorImpl.newInstance(NativeConstructorAccessorImpl.java:77)
                at
                java.base/jdk.internal.reflect.DelegatingConstructorAccessorImpl.newInstance(DelegatingConstructorAccessorImpl.java:45)
                at java.base/java.lang.reflect.Constructor.newInstanceWithCaller(Constructor.java:499)
                at java.base/java.lang.reflect.Constructor.newInstance(Constructor.java:480)
                at org.openqa.selenium.remote.ErrorCodec.decode(ErrorCodec.java:167)
                at org.openqa.selenium.remote.codec.w3c.W3CHttpResponseCodec.decode(W3CHttpResponseCodec.java:138)
                at org.openqa.selenium.remote.codec.w3c.W3CHttpResponseCodec.decode(W3CHttpResponseCodec.java:50)
                at org.openqa.selenium.remote.HttpCommandExecutor.execute(HttpCommandExecutor.java:190)
                at
                org.openqa.selenium.remote.service.DriverCommandExecutor.invokeExecute(DriverCommandExecutor.java:216)
                at org.openqa.selenium.remote.service.DriverCommandExecutor.execute(DriverCommandExecutor.java:174)
                at org.openqa.selenium.remote.RemoteWebDriver.execute(RemoteWebDriver.java:545)
                at org.openqa.selenium.remote.RemoteWebElement.execute(RemoteWebElement.java:223)
                at org.openqa.selenium.remote.RemoteWebElement.click(RemoteWebElement.java:76)
                at java.base/jdk.internal.reflect.NativeMethodAccessorImpl.invoke0(Native Method)
                at java.base/jdk.internal.reflect.NativeMethodAccessorImpl.invoke(NativeMethodAccessorImpl.java:77)
                at
                java.base/jdk.internal.reflect.DelegatingMethodAccessorImpl.invoke(DelegatingMethodAccessorImpl.java:43)
                at java.base/java.lang.reflect.Method.invoke(Method.java:568)
                at
                org.openqa.selenium.support.pagefactory.internal.LocatingElementHandler.invoke(LocatingElementHandler.java:51)
                at jdk.proxy2/jdk.proxy2.$Proxy14.click(Unknown Source)
                at com.myngoc.demotestng.common.ValidateHelper.clickElement(ValidateHelper.java:59)
                at openShoppingCart(HomePage.java:40)
                at
                com.myngoc.demotestng.testcases.customer_testcases.HomePageTest.openShoppingCartPage_nologin(HomePageTest.java:50)
                at java.base/jdk.internal.reflect.NativeMethodAccessorImpl.invoke0(Native Method)
                at java.base/jdk.internal.reflect.NativeMethodAccessorImpl.invoke(NativeMethodAccessorImpl.java:77)
                at
                java.base/jdk.internal.reflect.DelegatingMethodAccessorImpl.invoke(DelegatingMethodAccessorImpl.java:43)
                at java.base/java.lang.reflect.Method.invoke(Method.java:568)
                at org.testng.internal.invokers.MethodInvocationHelper.invokeMethod(MethodInvocationHelper.java:141)
                at org.testng.internal.invokers.TestInvoker.invokeMethod(TestInvoker.java:686)
                at org.testng.internal.invokers.TestInvoker.invokeTestMethod(TestInvoker.java:230)
                at org.testng.internal.invokers.MethodRunner.runInSequence(MethodRunner.java:63)
                at org.testng.internal.invokers.TestInvoker$MethodInvocationAgent.invoke(TestInvoker.java:992)
                at org.testng.internal.invokers.TestInvoker.invokeTestMethods(TestInvoker.java:203)
                at org.testng.internal.invokers.TestMethodWorker.invokeTestMethods(TestMethodWorker.java:154)
                at org.testng.internal.invokers.TestMethodWorker.run(TestMethodWorker.java:134)
                at java.base/java.util.ArrayList.forEach(ArrayList.java:1511)
                at org.testng.TestRunner.privateRun(TestRunner.java:739)
                at org.testng.TestRunner.run(TestRunner.java:614)
                at org.testng.SuiteRunner.runTest(SuiteRunner.java:421)
                at org.testng.SuiteRunner.runSequentially(SuiteRunner.java:413)
                at org.testng.SuiteRunner.privateRun(SuiteRunner.java:373)
                at org.testng.SuiteRunner.run(SuiteRunner.java:312)
                at org.testng.SuiteRunnerWorker.runSuite(SuiteRunnerWorker.java:52)
                at org.testng.SuiteRunnerWorker.run(SuiteRunnerWorker.java:95)
                at org.testng.TestNG.runSuitesSequentially(TestNG.java:1274)
                at org.testng.TestNG.runSuitesLocally(TestNG.java:1208)
                at org.testng.TestNG.runSuites(TestNG.java:1112)
                at org.testng.TestNG.run(TestNG.java:1079)
                at com.intellij.rt.testng.IDEARemoteTestNG.run(IDEARemoteTestNG.java:65)
                at com.intellij.rt.testng.RemoteTestNGStarter.main(RemoteTestNGStarter.java:105)
            </div>
        </td>
    </tr>
</table>
<p class="totop"><a href="#summary">back to summary</a></p>
<h3 id="m6">com.myngoc.demotestng.testcases.customer_testcases.HomePageTest#searchBookMatchingPartialResults</h3>
<table class="result">
    <tr>
        <th>Exception</th>
    </tr>
    <tr>
        <td>
            <div class="stacktrace">java.lang.AssertionError: Dropdown kết quả tìm kiếm không hiển thị. expected [true]
                but found [false]
                at org.testng.Assert.fail(Assert.java:111)
                at org.testng.Assert.failNotEquals(Assert.java:1578)
                at org.testng.Assert.assertTrue(Assert.java:57)
                at com.myngoc.demotestng.pages.customer.HomePage.searchBook(HomePage.java:80)
                at
                com.myngoc.demotestng.testcases.customer_testcases.HomePageTest.searchBookMatchingPartialResults(HomePageTest.java:64)
                at java.base/jdk.internal.reflect.NativeMethodAccessorImpl.invoke0(Native Method)
                at java.base/jdk.internal.reflect.NativeMethodAccessorImpl.invoke(NativeMethodAccessorImpl.java:77)
                at
                java.base/jdk.internal.reflect.DelegatingMethodAccessorImpl.invoke(DelegatingMethodAccessorImpl.java:43)
                at java.base/java.lang.reflect.Method.invoke(Method.java:568)
                at org.testng.internal.invokers.MethodInvocationHelper.invokeMethod(MethodInvocationHelper.java:141)
                at org.testng.internal.invokers.TestInvoker.invokeMethod(TestInvoker.java:686)
                at org.testng.internal.invokers.TestInvoker.invokeTestMethod(TestInvoker.java:230)
                at org.testng.internal.invokers.MethodRunner.runInSequence(MethodRunner.java:63)
                at org.testng.internal.invokers.TestInvoker$MethodInvocationAgent.invoke(TestInvoker.java:992)
                at org.testng.internal.invokers.TestInvoker.invokeTestMethods(TestInvoker.java:203)
                at org.testng.internal.invokers.TestMethodWorker.invokeTestMethods(TestMethodWorker.java:154)
                at org.testng.internal.invokers.TestMethodWorker.run(TestMethodWorker.java:134)
                at java.base/java.util.ArrayList.forEach(ArrayList.java:1511)
                at org.testng.TestRunner.privateRun(TestRunner.java:739)
                at org.testng.TestRunner.run(TestRunner.java:614)
                at org.testng.SuiteRunner.runTest(SuiteRunner.java:421)
                at org.testng.SuiteRunner.runSequentially(SuiteRunner.java:413)
                at org.testng.SuiteRunner.privateRun(SuiteRunner.java:373)
                at org.testng.SuiteRunner.run(SuiteRunner.java:312)
                at org.testng.SuiteRunnerWorker.runSuite(SuiteRunnerWorker.java:52)
                at org.testng.SuiteRunnerWorker.run(SuiteRunnerWorker.java:95)
                at org.testng.TestNG.runSuitesSequentially(TestNG.java:1274)
                at org.testng.TestNG.runSuitesLocally(TestNG.java:1208)
                at org.testng.TestNG.runSuites(TestNG.java:1112)
                at org.testng.TestNG.run(TestNG.java:1079)
                at com.intellij.rt.testng.IDEARemoteTestNG.run(IDEARemoteTestNG.java:65)
                at com.intellij.rt.testng.RemoteTestNGStarter.main(RemoteTestNGStarter.java:105)
            </div>
        </td>
    </tr>
</table>
<p class="totop"><a href="#summary">back to summary</a></p>
<h3 id="m7">com.myngoc.demotestng.testcases.customer_testcases.HomePageTest#searchBookMatchingResults</h3>
<table class="result">
    <tr>
        <th>Exception</th>
    </tr>
    <tr>
        <td>
            <div class="stacktrace">java.lang.AssertionError: Dropdown kết quả tìm kiếm không hiển thị. expected [true]
                but found [false]
                at org.testng.Assert.fail(Assert.java:111)
                at org.testng.Assert.failNotEquals(Assert.java:1578)
                at org.testng.Assert.assertTrue(Assert.java:57)
                at com.myngoc.demotestng.pages.customer.HomePage.searchBook(HomePage.java:80)
                at
                com.myngoc.demotestng.testcases.customer_testcases.HomePageTest.searchBookMatchingResults(HomePageTest.java:58)
                at java.base/jdk.internal.reflect.NativeMethodAccessorImpl.invoke0(Native Method)
                at java.base/jdk.internal.reflect.NativeMethodAccessorImpl.invoke(NativeMethodAccessorImpl.java:77)
                at
                java.base/jdk.internal.reflect.DelegatingMethodAccessorImpl.invoke(DelegatingMethodAccessorImpl.java:43)
                at java.base/java.lang.reflect.Method.invoke(Method.java:568)
                at org.testng.internal.invokers.MethodInvocationHelper.invokeMethod(MethodInvocationHelper.java:141)
                at org.testng.internal.invokers.TestInvoker.invokeMethod(TestInvoker.java:686)
                at org.testng.internal.invokers.TestInvoker.invokeTestMethod(TestInvoker.java:230)
                at org.testng.internal.invokers.MethodRunner.runInSequence(MethodRunner.java:63)
                at org.testng.internal.invokers.TestInvoker$MethodInvocationAgent.invoke(TestInvoker.java:992)
                at org.testng.internal.invokers.TestInvoker.invokeTestMethods(TestInvoker.java:203)
                at org.testng.internal.invokers.TestMethodWorker.invokeTestMethods(TestMethodWorker.java:154)
                at org.testng.internal.invokers.TestMethodWorker.run(TestMethodWorker.java:134)
                at java.base/java.util.ArrayList.forEach(ArrayList.java:1511)
                at org.testng.TestRunner.privateRun(TestRunner.java:739)
                at org.testng.TestRunner.run(TestRunner.java:614)
                at org.testng.SuiteRunner.runTest(SuiteRunner.java:421)
                at org.testng.SuiteRunner.runSequentially(SuiteRunner.java:413)
                at org.testng.SuiteRunner.privateRun(SuiteRunner.java:373)
                at org.testng.SuiteRunner.run(SuiteRunner.java:312)
                at org.testng.SuiteRunnerWorker.runSuite(SuiteRunnerWorker.java:52)
                at org.testng.SuiteRunnerWorker.run(SuiteRunnerWorker.java:95)
                at org.testng.TestNG.runSuitesSequentially(TestNG.java:1274)
                at org.testng.TestNG.runSuitesLocally(TestNG.java:1208)
                at org.testng.TestNG.runSuites(TestNG.java:1112)
                at org.testng.TestNG.run(TestNG.java:1079)
                at com.intellij.rt.testng.IDEARemoteTestNG.run(IDEARemoteTestNG.java:65)
                at com.intellij.rt.testng.RemoteTestNGStarter.main(RemoteTestNGStarter.java:105)
            </div>
        </td>
    </tr>
</table>
<p class="totop"><a href="#summary">back to summary</a></p>
<h3 id="m8">com.myngoc.demotestng.testcases.customer_testcases.HomePageTest#searchBookNoResults</h3>
<table class="result">
    <tr>
        <th>Exception</th>
    </tr>
    <tr>
        <td>
            <div class="stacktrace">java.lang.AssertionError: Dropdown kết quả tìm kiếm không hiển thị. expected [true]
                but found [false]
                at org.testng.Assert.fail(Assert.java:111)
                at org.testng.Assert.failNotEquals(Assert.java:1578)
                at org.testng.Assert.assertTrue(Assert.java:57)
                at com.myngoc.demotestng.pages.customer.HomePage.searchBook(HomePage.java:80)
                at
                com.myngoc.demotestng.testcases.customer_testcases.HomePageTest.searchBookNoResults(HomePageTest.java:70)
                at java.base/jdk.internal.reflect.NativeMethodAccessorImpl.invoke0(Native Method)
                at java.base/jdk.internal.reflect.NativeMethodAccessorImpl.invoke(NativeMethodAccessorImpl.java:77)
                at
                java.base/jdk.internal.reflect.DelegatingMethodAccessorImpl.invoke(DelegatingMethodAccessorImpl.java:43)
                at java.base/java.lang.reflect.Method.invoke(Method.java:568)
                at org.testng.internal.invokers.MethodInvocationHelper.invokeMethod(MethodInvocationHelper.java:141)
                at org.testng.internal.invokers.TestInvoker.invokeMethod(TestInvoker.java:686)
                at org.testng.internal.invokers.TestInvoker.invokeTestMethod(TestInvoker.java:230)
                at org.testng.internal.invokers.MethodRunner.runInSequence(MethodRunner.java:63)
                at org.testng.internal.invokers.TestInvoker$MethodInvocationAgent.invoke(TestInvoker.java:992)
                at org.testng.internal.invokers.TestInvoker.invokeTestMethods(TestInvoker.java:203)
                at org.testng.internal.invokers.TestMethodWorker.invokeTestMethods(TestMethodWorker.java:154)
                at org.testng.internal.invokers.TestMethodWorker.run(TestMethodWorker.java:134)
                at java.base/java.util.ArrayList.forEach(ArrayList.java:1511)
                at org.testng.TestRunner.privateRun(TestRunner.java:739)
                at org.testng.TestRunner.run(TestRunner.java:614)
                at org.testng.SuiteRunner.runTest(SuiteRunner.java:421)
                at org.testng.SuiteRunner.runSequentially(SuiteRunner.java:413)
                at org.testng.SuiteRunner.privateRun(SuiteRunner.java:373)
                at org.testng.SuiteRunner.run(SuiteRunner.java:312)
                at org.testng.SuiteRunnerWorker.runSuite(SuiteRunnerWorker.java:52)
                at org.testng.SuiteRunnerWorker.run(SuiteRunnerWorker.java:95)
                at org.testng.TestNG.runSuitesSequentially(TestNG.java:1274)
                at org.testng.TestNG.runSuitesLocally(TestNG.java:1208)
                at org.testng.TestNG.runSuites(TestNG.java:1112)
                at org.testng.TestNG.run(TestNG.java:1079)
                at com.intellij.rt.testng.IDEARemoteTestNG.run(IDEARemoteTestNG.java:65)
                at com.intellij.rt.testng.RemoteTestNGStarter.main(RemoteTestNGStarter.java:105)
            </div>
        </td>
    </tr>
</table>
<p class="totop"><a href="#summary">back to summary</a></p>
<h3 id="m9">com.myngoc.demotestng.testcases.customer_testcases.ShoppingCartTest#testDeleteSingleBookFromCart</h3>
<table class="result">
    <tr>
        <th>Exception</th>
    </tr>
    <tr>
        <td>
            <div class="stacktrace">org.openqa.selenium.ElementClickInterceptedException: element click intercepted:
                Element &lt;mat-icon _ngcontent-ng-c2795982477=&quot;&quot; role=&quot;img&quot; class=&quot;mat-icon
                notranslate material-icons mat-ligature-font mat-icon-no-color&quot; aria-hidden=&quot;true&quot;
                data-mat-icon-type=&quot;font&quot;&gt;...&lt;/mat-icon&gt; is not clickable at point (1368, 28). Other
                element would receive the click: &lt;div _ngcontent-ng-c2362164441=&quot;&quot; class=&quot;modal-overlay&quot;&gt;...&lt;/div&gt;
                (Session info: chrome=131.0.6778.205)
                Build info: version: &apos;4.26.0&apos;, revision: &apos;8ccf0219d7&apos;
                System info: os.name: &apos;Windows 11&apos;, os.arch: &apos;amd64&apos;, os.version: &apos;10.0&apos;,
                java.version: &apos;17.0.12&apos;
                Driver info: org.openqa.selenium.chrome.ChromeDriver
                Command: [85012d998d6b64127bbc36ce4110dd93, clickElement
                {id=f.3E79AB9F89F80903179767D3F56C0CDB.d.BD6C6A91226ADB530E5FCC3F5D93C30C.e.38}]
                Capabilities {acceptInsecureCerts: false, browserName: chrome, browserVersion: 131.0.6778.205, chrome:
                {chromedriverVersion: 131.0.6778.204 (52183f9e99a..., userDataDir: C:\Users\myngoc.vo\AppData\...},
                fedcm:accounts: true, goog:chromeOptions: {debuggerAddress: localhost:52244}, networkConnectionEnabled:
                false, pageLoadStrategy: normal, platformName: windows, proxy: Proxy(), se:cdp:
                ws://localhost:52244/devtoo..., se:cdpVersion: 131.0.6778.205, setWindowRect: true,
                strictFileInteractability: false, timeouts: {implicit: 0, pageLoad: 300000, script: 30000},
                unhandledPromptBehavior: dismiss and notify, webauthn:extension:credBlob: true,
                webauthn:extension:largeBlob: true, webauthn:extension:minPinLength: true, webauthn:extension:prf: true,
                webauthn:virtualAuthenticators: true}
                Element: [[ChromeDriver: chrome on windows (85012d998d6b64127bbc36ce4110dd93)] -&gt; xpath:
                //mat-icon[normalize-space()=&quot;shopping_cart&quot;]]
                Session ID: 85012d998d6b64127bbc36ce4110dd93
                at java.base/jdk.internal.reflect.NativeConstructorAccessorImpl.newInstance0(Native Method)
                at
                java.base/jdk.internal.reflect.NativeConstructorAccessorImpl.newInstance(NativeConstructorAccessorImpl.java:77)
                at
                java.base/jdk.internal.reflect.DelegatingConstructorAccessorImpl.newInstance(DelegatingConstructorAccessorImpl.java:45)
                at java.base/java.lang.reflect.Constructor.newInstanceWithCaller(Constructor.java:499)
                at java.base/java.lang.reflect.Constructor.newInstance(Constructor.java:480)
                at org.openqa.selenium.remote.ErrorCodec.decode(ErrorCodec.java:167)
                at org.openqa.selenium.remote.codec.w3c.W3CHttpResponseCodec.decode(W3CHttpResponseCodec.java:138)
                at org.openqa.selenium.remote.codec.w3c.W3CHttpResponseCodec.decode(W3CHttpResponseCodec.java:50)
                at org.openqa.selenium.remote.HttpCommandExecutor.execute(HttpCommandExecutor.java:190)
                at
                org.openqa.selenium.remote.service.DriverCommandExecutor.invokeExecute(DriverCommandExecutor.java:216)
                at org.openqa.selenium.remote.service.DriverCommandExecutor.execute(DriverCommandExecutor.java:174)
                at org.openqa.selenium.remote.RemoteWebDriver.execute(RemoteWebDriver.java:545)
                at org.openqa.selenium.remote.RemoteWebElement.execute(RemoteWebElement.java:223)
                at org.openqa.selenium.remote.RemoteWebElement.click(RemoteWebElement.java:76)
                at jdk.internal.reflect.GeneratedMethodAccessor4.invoke(Unknown Source)
                at
                java.base/jdk.internal.reflect.DelegatingMethodAccessorImpl.invoke(DelegatingMethodAccessorImpl.java:43)
                at java.base/java.lang.reflect.Method.invoke(Method.java:568)
                at
                org.openqa.selenium.support.pagefactory.internal.LocatingElementHandler.invoke(LocatingElementHandler.java:51)
                at jdk.proxy2/jdk.proxy2.$Proxy14.click(Unknown Source)
                at com.myngoc.demotestng.common.ValidateHelper.clickElement(ValidateHelper.java:59)
                at openShoppingCart(HomePage.java:40)
                at
                com.myngoc.demotestng.testcases.customer_testcases.ShoppingCartTest.testDeleteSingleBookFromCart(ShoppingCartTest.java:57)
                at java.base/jdk.internal.reflect.NativeMethodAccessorImpl.invoke0(Native Method)
                at java.base/jdk.internal.reflect.NativeMethodAccessorImpl.invoke(NativeMethodAccessorImpl.java:77)
                at
                java.base/jdk.internal.reflect.DelegatingMethodAccessorImpl.invoke(DelegatingMethodAccessorImpl.java:43)
                at java.base/java.lang.reflect.Method.invoke(Method.java:568)
                at org.testng.internal.invokers.MethodInvocationHelper.invokeMethod(MethodInvocationHelper.java:141)
                at org.testng.internal.invokers.TestInvoker.invokeMethod(TestInvoker.java:686)
                at org.testng.internal.invokers.TestInvoker.invokeTestMethod(TestInvoker.java:230)
                at org.testng.internal.invokers.MethodRunner.runInSequence(MethodRunner.java:63)
                at org.testng.internal.invokers.TestInvoker$MethodInvocationAgent.invoke(TestInvoker.java:992)
                at org.testng.internal.invokers.TestInvoker.invokeTestMethods(TestInvoker.java:203)
                at org.testng.internal.invokers.TestMethodWorker.invokeTestMethods(TestMethodWorker.java:154)
                at org.testng.internal.invokers.TestMethodWorker.run(TestMethodWorker.java:134)
                at java.base/java.util.ArrayList.forEach(ArrayList.java:1511)
                at org.testng.TestRunner.privateRun(TestRunner.java:739)
                at org.testng.TestRunner.run(TestRunner.java:614)
                at org.testng.SuiteRunner.runTest(SuiteRunner.java:421)
                at org.testng.SuiteRunner.runSequentially(SuiteRunner.java:413)
                at org.testng.SuiteRunner.privateRun(SuiteRunner.java:373)
                at org.testng.SuiteRunner.run(SuiteRunner.java:312)
                at org.testng.SuiteRunnerWorker.runSuite(SuiteRunnerWorker.java:52)
                at org.testng.SuiteRunnerWorker.run(SuiteRunnerWorker.java:95)
                at org.testng.TestNG.runSuitesSequentially(TestNG.java:1274)
                at org.testng.TestNG.runSuitesLocally(TestNG.java:1208)
                at org.testng.TestNG.runSuites(TestNG.java:1112)
                at org.testng.TestNG.run(TestNG.java:1079)
                at com.intellij.rt.testng.IDEARemoteTestNG.run(IDEARemoteTestNG.java:65)
                at com.intellij.rt.testng.RemoteTestNGStarter.main(RemoteTestNGStarter.java:105)
            </div>
        </td>
    </tr>
</table>
<p class="totop"><a href="#summary">back to summary</a></p>
<h3 id="m10">com.myngoc.demotestng.testcases.customer_testcases.AddBookInCart#loginBeforeTests</h3>
<table class="result">
    <tr>
        <th class="invisible"/>
    </tr>
</table>
<p class="totop"><a href="#summary">back to summary</a></p>
<h3 id="m11">com.myngoc.demotestng.testcases.customer_testcases.AddBookInCart#logoutAfterTests</h3>
<table class="result">
    <tr>
        <th class="invisible"/>
    </tr>
</table>
<p class="totop"><a href="#summary">back to summary</a></p>
<h3 id="m12">com.myngoc.demotestng.testcases.customer_testcases.AddBookInCart#tearDown</h3>
<table class="result">
    <tr>
        <th class="invisible"/>
    </tr>
</table>
<p class="totop"><a href="#summary">back to summary</a></p>
<h3 id="m13">com.myngoc.demotestng.testcases.customer_testcases.MyProfileTest#setUp</h3>
<table class="result">
    <tr>
        <th class="invisible"/>
    </tr>
</table>
<p class="totop"><a href="#summary">back to summary</a></p>
<h3 id="m14">com.myngoc.demotestng.testcases.customer_testcases.MyProfileTest#setUp</h3>
<table class="result">
    <tr>
        <th class="invisible"/>
    </tr>
</table>
<p class="totop"><a href="#summary">back to summary</a></p>
<h3 id="m15">com.myngoc.demotestng.testcases.customer_testcases.MyProfileTest#setUp</h3>
<table class="result">
    <tr>
        <th class="invisible"/>
    </tr>
</table>
<p class="totop"><a href="#summary">back to summary</a></p>
<h3 id="m16">com.myngoc.demotestng.testcases.customer_testcases.MyProfileTest#setUp</h3>
<table class="result">
    <tr>
        <th class="invisible"/>
    </tr>
</table>
<p class="totop"><a href="#summary">back to summary</a></p>
<h3 id="m17">com.myngoc.demotestng.testcases.customer_testcases.MyProfileTest#setUp</h3>
<table class="result">
    <tr>
        <th class="invisible"/>
    </tr>
</table>
<p class="totop"><a href="#summary">back to summary</a></p>
<h3 id="m18">com.myngoc.demotestng.testcases.customer_testcases.MyProfileTest#setUp</h3>
<table class="result">
    <tr>
        <th class="invisible"/>
    </tr>
</table>
<p class="totop"><a href="#summary">back to summary</a></p>
<h3 id="m19">com.myngoc.demotestng.testcases.customer_testcases.MyProfileTest#tearDown</h3>
<table class="result">
    <tr>
        <th class="invisible"/>
    </tr>
</table>
<p class="totop"><a href="#summary">back to summary</a></p>
<h3 id="m20">com.myngoc.demotestng.testcases.customer_testcases.MyProfileTest#tearDown</h3>
<table class="result">
    <tr>
        <th class="invisible"/>
    </tr>
</table>
<p class="totop"><a href="#summary">back to summary</a></p>
<h3 id="m21">com.myngoc.demotestng.testcases.customer_testcases.MyProfileTest#tearDown</h3>
<table class="result">
    <tr>
        <th class="invisible"/>
    </tr>
</table>
<p class="totop"><a href="#summary">back to summary</a></p>
<h3 id="m22">com.myngoc.demotestng.testcases.customer_testcases.MyProfileTest#tearDown</h3>
<table class="result">
    <tr>
        <th class="invisible"/>
    </tr>
</table>
<p class="totop"><a href="#summary">back to summary</a></p>
<h3 id="m23">com.myngoc.demotestng.testcases.customer_testcases.MyProfileTest#tearDown</h3>
<table class="result">
    <tr>
        <th class="invisible"/>
    </tr>
</table>
<p class="totop"><a href="#summary">back to summary</a></p>
<h3 id="m24">com.myngoc.demotestng.testcases.customer_testcases.MyProfileTest#tearDown</h3>
<table class="result">
    <tr>
        <th class="invisible"/>
    </tr>
</table>
<p class="totop"><a href="#summary">back to summary</a></p>
<h3 id="m25">com.myngoc.demotestng.testcases.customer_testcases.MyProfileTest#tearDown</h3>
<table class="result">
    <tr>
        <th class="invisible"/>
    </tr>
</table>
<p class="totop"><a href="#summary">back to summary</a></p>
<h3 id="m26">com.myngoc.demotestng.testcases.customer_testcases.ShoppingCartTest#login</h3>
<table class="result">
    <tr>
        <th class="invisible"/>
    </tr>
</table>
<p class="totop"><a href="#summary">back to summary</a></p>
<h3 id="m27">com.myngoc.demotestng.testcases.customer_testcases.ShoppingCartTest#tearDown</h3>
<table class="result">
    <tr>
        <th class="invisible"/>
    </tr>
</table>
<p class="totop"><a href="#summary">back to summary</a></p>
<h3 id="m28">com.myngoc.demotestng.testcases.customer_testcases.AddBookInCart#addToCartWhenAlreadyInCart</h3>
<table class="result">
    <tr>
        <th>Exception</th>
    </tr>
    <tr>
        <td>
            <div class="stacktrace">org.openqa.selenium.ElementClickInterceptedException: element click intercepted:
                Element &lt;span _ngcontent-ng-c2795982477=&quot;&quot;&gt;...&lt;/span&gt; is not clickable at point
                (1455, 52). Other element would receive the click: &lt;div _ngcontent-ng-c2362164441=&quot;&quot; class=&quot;modal-overlay&quot;&gt;...&lt;/div&gt;
                (Session info: chrome=131.0.6778.205)
                Build info: version: &apos;4.26.0&apos;, revision: &apos;8ccf0219d7&apos;
                System info: os.name: &apos;Windows 11&apos;, os.arch: &apos;amd64&apos;, os.version: &apos;10.0&apos;,
                java.version: &apos;17.0.12&apos;
                Driver info: org.openqa.selenium.chrome.ChromeDriver
                Command: [696535247b021ccd03bcf311db9d416b, clickElement
                {id=f.39565FB31AFDB33B10073BC4805D72FF.d.7CC05978B0B8C3A4241587AA6D3F215C.e.14}]
                Capabilities {acceptInsecureCerts: false, browserName: chrome, browserVersion: 131.0.6778.205, chrome:
                {chromedriverVersion: 131.0.6778.204 (52183f9e99a..., userDataDir: C:\Users\myngoc.vo\AppData\...},
                fedcm:accounts: true, goog:chromeOptions: {debuggerAddress: localhost:51948}, networkConnectionEnabled:
                false, pageLoadStrategy: normal, platformName: windows, proxy: Proxy(), se:cdp:
                ws://localhost:51948/devtoo..., se:cdpVersion: 131.0.6778.205, setWindowRect: true,
                strictFileInteractability: false, timeouts: {implicit: 0, pageLoad: 300000, script: 30000},
                unhandledPromptBehavior: dismiss and notify, webauthn:extension:credBlob: true,
                webauthn:extension:largeBlob: true, webauthn:extension:minPinLength: true, webauthn:extension:prf: true,
                webauthn:virtualAuthenticators: true}
                Element: [[ChromeDriver: chrome on windows (696535247b021ccd03bcf311db9d416b)] -&gt; xpath:
                //span[contains(text(),&quot;Tài Khoản&quot;)]]
                Session ID: 696535247b021ccd03bcf311db9d416b
                at java.base/jdk.internal.reflect.NativeConstructorAccessorImpl.newInstance0(Native Method)
                at
                java.base/jdk.internal.reflect.NativeConstructorAccessorImpl.newInstance(NativeConstructorAccessorImpl.java:77)
                at
                java.base/jdk.internal.reflect.DelegatingConstructorAccessorImpl.newInstance(DelegatingConstructorAccessorImpl.java:45)
                at java.base/java.lang.reflect.Constructor.newInstanceWithCaller(Constructor.java:499)
                at java.base/java.lang.reflect.Constructor.newInstance(Constructor.java:480)
                at org.openqa.selenium.remote.ErrorCodec.decode(ErrorCodec.java:167)
                at org.openqa.selenium.remote.codec.w3c.W3CHttpResponseCodec.decode(W3CHttpResponseCodec.java:138)
                at org.openqa.selenium.remote.codec.w3c.W3CHttpResponseCodec.decode(W3CHttpResponseCodec.java:50)
                at org.openqa.selenium.remote.HttpCommandExecutor.execute(HttpCommandExecutor.java:190)
                at
                org.openqa.selenium.remote.service.DriverCommandExecutor.invokeExecute(DriverCommandExecutor.java:216)
                at org.openqa.selenium.remote.service.DriverCommandExecutor.execute(DriverCommandExecutor.java:174)
                at org.openqa.selenium.remote.RemoteWebDriver.execute(RemoteWebDriver.java:545)
                at org.openqa.selenium.remote.RemoteWebElement.execute(RemoteWebElement.java:223)
                at org.openqa.selenium.remote.RemoteWebElement.click(RemoteWebElement.java:76)
                at java.base/jdk.internal.reflect.NativeMethodAccessorImpl.invoke0(Native Method)
                at java.base/jdk.internal.reflect.NativeMethodAccessorImpl.invoke(NativeMethodAccessorImpl.java:77)
                at
                java.base/jdk.internal.reflect.DelegatingMethodAccessorImpl.invoke(DelegatingMethodAccessorImpl.java:43)
                at java.base/java.lang.reflect.Method.invoke(Method.java:568)
                at
                org.openqa.selenium.support.pagefactory.internal.LocatingElementHandler.invoke(LocatingElementHandler.java:51)
                at jdk.proxy2/jdk.proxy2.$Proxy14.click(Unknown Source)
                at com.myngoc.demotestng.common.ValidateHelper.clickElement(ValidateHelper.java:59)
                at com.myngoc.demotestng.pages.customer.HomePage.openMyProfilePage(HomePage.java:50)
                at com.myngoc.demotestng.pages.customer.MyProfilePage.logout(MyProfilePage.java:84)
                at
                com.myngoc.demotestng.testcases.customer_testcases.AddBookInCart.logoutAfterTests(AddBookInCart.java:40)
                at java.base/jdk.internal.reflect.NativeMethodAccessorImpl.invoke0(Native Method)
                at java.base/jdk.internal.reflect.NativeMethodAccessorImpl.invoke(NativeMethodAccessorImpl.java:77)
                at
                java.base/jdk.internal.reflect.DelegatingMethodAccessorImpl.invoke(DelegatingMethodAccessorImpl.java:43)
                at java.base/java.lang.reflect.Method.invoke(Method.java:568)
                at org.testng.internal.invokers.MethodInvocationHelper.invokeMethod(MethodInvocationHelper.java:141)
                at
                org.testng.internal.invokers.MethodInvocationHelper.invokeMethodConsideringTimeout(MethodInvocationHelper.java:71)
                at org.testng.internal.invokers.ConfigInvoker.invokeConfigurationMethod(ConfigInvoker.java:400)
                at org.testng.internal.invokers.ConfigInvoker.invokeConfigurations(ConfigInvoker.java:333)
                at org.testng.internal.invokers.TestInvoker.runConfigMethods(TestInvoker.java:833)
                at org.testng.internal.invokers.TestInvoker.runAfterConfigurations(TestInvoker.java:802)
                at org.testng.internal.invokers.TestInvoker.invokeMethod(TestInvoker.java:778)
                at org.testng.internal.invokers.TestInvoker.invokeTestMethod(TestInvoker.java:230)
                at org.testng.internal.invokers.MethodRunner.runInSequence(MethodRunner.java:63)
                at org.testng.internal.invokers.TestInvoker$MethodInvocationAgent.invoke(TestInvoker.java:992)
                at org.testng.internal.invokers.TestInvoker.invokeTestMethods(TestInvoker.java:203)
                at org.testng.internal.invokers.TestMethodWorker.invokeTestMethods(TestMethodWorker.java:154)
                at org.testng.internal.invokers.TestMethodWorker.run(TestMethodWorker.java:134)
                at java.base/java.util.ArrayList.forEach(ArrayList.java:1511)
                at org.testng.TestRunner.privateRun(TestRunner.java:739)
                at org.testng.TestRunner.run(TestRunner.java:614)
                at org.testng.SuiteRunner.runTest(SuiteRunner.java:421)
                at org.testng.SuiteRunner.runSequentially(SuiteRunner.java:413)
                at org.testng.SuiteRunner.privateRun(SuiteRunner.java:373)
                at org.testng.SuiteRunner.run(SuiteRunner.java:312)
                at org.testng.SuiteRunnerWorker.runSuite(SuiteRunnerWorker.java:52)
                at org.testng.SuiteRunnerWorker.run(SuiteRunnerWorker.java:95)
                at org.testng.TestNG.runSuitesSequentially(TestNG.java:1274)
                at org.testng.TestNG.runSuitesLocally(TestNG.java:1208)
                at org.testng.TestNG.runSuites(TestNG.java:1112)
                at org.testng.TestNG.run(TestNG.java:1079)
                at com.intellij.rt.testng.IDEARemoteTestNG.run(IDEARemoteTestNG.java:65)
                at com.intellij.rt.testng.RemoteTestNGStarter.main(RemoteTestNGStarter.java:105)
            </div>
        </td>
    </tr>
</table>
<p class="totop"><a href="#summary">back to summary</a></p>
<h3 id="m29">com.myngoc.demotestng.testcases.customer_testcases.AddBookInCart#addToCartWhenNotInCart_noLogin</h3>
<table class="result">
    <tr>
        <th>Exception</th>
    </tr>
    <tr>
        <td>
            <div class="stacktrace">org.openqa.selenium.ElementClickInterceptedException: element click intercepted:
                Element &lt;span _ngcontent-ng-c2795982477=&quot;&quot;&gt;...&lt;/span&gt; is not clickable at point
                (1455, 52). Other element would receive the click: &lt;div _ngcontent-ng-c2362164441=&quot;&quot; class=&quot;modal-overlay&quot;&gt;...&lt;/div&gt;
                (Session info: chrome=131.0.6778.205)
                Build info: version: &apos;4.26.0&apos;, revision: &apos;8ccf0219d7&apos;
                System info: os.name: &apos;Windows 11&apos;, os.arch: &apos;amd64&apos;, os.version: &apos;10.0&apos;,
                java.version: &apos;17.0.12&apos;
                Driver info: org.openqa.selenium.chrome.ChromeDriver
                Command: [696535247b021ccd03bcf311db9d416b, clickElement
                {id=f.39565FB31AFDB33B10073BC4805D72FF.d.7CC05978B0B8C3A4241587AA6D3F215C.e.14}]
                Capabilities {acceptInsecureCerts: false, browserName: chrome, browserVersion: 131.0.6778.205, chrome:
                {chromedriverVersion: 131.0.6778.204 (52183f9e99a..., userDataDir: C:\Users\myngoc.vo\AppData\...},
                fedcm:accounts: true, goog:chromeOptions: {debuggerAddress: localhost:51948}, networkConnectionEnabled:
                false, pageLoadStrategy: normal, platformName: windows, proxy: Proxy(), se:cdp:
                ws://localhost:51948/devtoo..., se:cdpVersion: 131.0.6778.205, setWindowRect: true,
                strictFileInteractability: false, timeouts: {implicit: 0, pageLoad: 300000, script: 30000},
                unhandledPromptBehavior: dismiss and notify, webauthn:extension:credBlob: true,
                webauthn:extension:largeBlob: true, webauthn:extension:minPinLength: true, webauthn:extension:prf: true,
                webauthn:virtualAuthenticators: true}
                Element: [[ChromeDriver: chrome on windows (696535247b021ccd03bcf311db9d416b)] -&gt; xpath:
                //span[contains(text(),&quot;Tài Khoản&quot;)]]
                Session ID: 696535247b021ccd03bcf311db9d416b
                at java.base/jdk.internal.reflect.NativeConstructorAccessorImpl.newInstance0(Native Method)
                at
                java.base/jdk.internal.reflect.NativeConstructorAccessorImpl.newInstance(NativeConstructorAccessorImpl.java:77)
                at
                java.base/jdk.internal.reflect.DelegatingConstructorAccessorImpl.newInstance(DelegatingConstructorAccessorImpl.java:45)
                at java.base/java.lang.reflect.Constructor.newInstanceWithCaller(Constructor.java:499)
                at java.base/java.lang.reflect.Constructor.newInstance(Constructor.java:480)
                at org.openqa.selenium.remote.ErrorCodec.decode(ErrorCodec.java:167)
                at org.openqa.selenium.remote.codec.w3c.W3CHttpResponseCodec.decode(W3CHttpResponseCodec.java:138)
                at org.openqa.selenium.remote.codec.w3c.W3CHttpResponseCodec.decode(W3CHttpResponseCodec.java:50)
                at org.openqa.selenium.remote.HttpCommandExecutor.execute(HttpCommandExecutor.java:190)
                at
                org.openqa.selenium.remote.service.DriverCommandExecutor.invokeExecute(DriverCommandExecutor.java:216)
                at org.openqa.selenium.remote.service.DriverCommandExecutor.execute(DriverCommandExecutor.java:174)
                at org.openqa.selenium.remote.RemoteWebDriver.execute(RemoteWebDriver.java:545)
                at org.openqa.selenium.remote.RemoteWebElement.execute(RemoteWebElement.java:223)
                at org.openqa.selenium.remote.RemoteWebElement.click(RemoteWebElement.java:76)
                at java.base/jdk.internal.reflect.NativeMethodAccessorImpl.invoke0(Native Method)
                at java.base/jdk.internal.reflect.NativeMethodAccessorImpl.invoke(NativeMethodAccessorImpl.java:77)
                at
                java.base/jdk.internal.reflect.DelegatingMethodAccessorImpl.invoke(DelegatingMethodAccessorImpl.java:43)
                at java.base/java.lang.reflect.Method.invoke(Method.java:568)
                at
                org.openqa.selenium.support.pagefactory.internal.LocatingElementHandler.invoke(LocatingElementHandler.java:51)
                at jdk.proxy2/jdk.proxy2.$Proxy14.click(Unknown Source)
                at com.myngoc.demotestng.common.ValidateHelper.clickElement(ValidateHelper.java:59)
                at com.myngoc.demotestng.pages.customer.HomePage.openMyProfilePage(HomePage.java:50)
                at com.myngoc.demotestng.pages.customer.MyProfilePage.logout(MyProfilePage.java:84)
                at
                com.myngoc.demotestng.testcases.customer_testcases.AddBookInCart.logoutAfterTests(AddBookInCart.java:40)
                at java.base/jdk.internal.reflect.NativeMethodAccessorImpl.invoke0(Native Method)
                at java.base/jdk.internal.reflect.NativeMethodAccessorImpl.invoke(NativeMethodAccessorImpl.java:77)
                at
                java.base/jdk.internal.reflect.DelegatingMethodAccessorImpl.invoke(DelegatingMethodAccessorImpl.java:43)
                at java.base/java.lang.reflect.Method.invoke(Method.java:568)
                at org.testng.internal.invokers.MethodInvocationHelper.invokeMethod(MethodInvocationHelper.java:141)
                at
                org.testng.internal.invokers.MethodInvocationHelper.invokeMethodConsideringTimeout(MethodInvocationHelper.java:71)
                at org.testng.internal.invokers.ConfigInvoker.invokeConfigurationMethod(ConfigInvoker.java:400)
                at org.testng.internal.invokers.ConfigInvoker.invokeConfigurations(ConfigInvoker.java:333)
                at org.testng.internal.invokers.TestInvoker.runConfigMethods(TestInvoker.java:833)
                at org.testng.internal.invokers.TestInvoker.runAfterConfigurations(TestInvoker.java:802)
                at org.testng.internal.invokers.TestInvoker.invokeMethod(TestInvoker.java:778)
                at org.testng.internal.invokers.TestInvoker.invokeTestMethod(TestInvoker.java:230)
                at org.testng.internal.invokers.MethodRunner.runInSequence(MethodRunner.java:63)
                at org.testng.internal.invokers.TestInvoker$MethodInvocationAgent.invoke(TestInvoker.java:992)
                at org.testng.internal.invokers.TestInvoker.invokeTestMethods(TestInvoker.java:203)
                at org.testng.internal.invokers.TestMethodWorker.invokeTestMethods(TestMethodWorker.java:154)
                at org.testng.internal.invokers.TestMethodWorker.run(TestMethodWorker.java:134)
                at java.base/java.util.ArrayList.forEach(ArrayList.java:1511)
                at org.testng.TestRunner.privateRun(TestRunner.java:739)
                at org.testng.TestRunner.run(TestRunner.java:614)
                at org.testng.SuiteRunner.runTest(SuiteRunner.java:421)
                at org.testng.SuiteRunner.runSequentially(SuiteRunner.java:413)
                at org.testng.SuiteRunner.privateRun(SuiteRunner.java:373)
                at org.testng.SuiteRunner.run(SuiteRunner.java:312)
                at org.testng.SuiteRunnerWorker.runSuite(SuiteRunnerWorker.java:52)
                at org.testng.SuiteRunnerWorker.run(SuiteRunnerWorker.java:95)
                at org.testng.TestNG.runSuitesSequentially(TestNG.java:1274)
                at org.testng.TestNG.runSuitesLocally(TestNG.java:1208)
                at org.testng.TestNG.runSuites(TestNG.java:1112)
                at org.testng.TestNG.run(TestNG.java:1079)
                at com.intellij.rt.testng.IDEARemoteTestNG.run(IDEARemoteTestNG.java:65)
                at com.intellij.rt.testng.RemoteTestNGStarter.main(RemoteTestNGStarter.java:105)
            </div>
        </td>
    </tr>
</table>
<p class="totop"><a href="#summary">back to summary</a></p>
<h3 id="m30">
    com.myngoc.demotestng.testcases.customer_testcases.MyProfileTest#testConfirmPasswordIncorrectUpdatePassword</h3>
<table class="result">
    <tr>
        <th>Exception</th>
    </tr>
    <tr>
        <td>
            <div class="stacktrace">java.lang.NullPointerException: Cannot invoke &quot;java.lang.Integer.intValue()&quot;
                because the return value of &quot;java.util.Map.get(Object)&quot; is null
                at com.myngoc.demotestng.common.ExcelHelper.getCellStringData(ExcelHelper.java:84)
                at com.myngoc.demotestng.testcases.customer_testcases.MyProfileTest.setUp(MyProfileTest.java:37)
                at java.base/jdk.internal.reflect.NativeMethodAccessorImpl.invoke0(Native Method)
                at java.base/jdk.internal.reflect.NativeMethodAccessorImpl.invoke(NativeMethodAccessorImpl.java:77)
                at
                java.base/jdk.internal.reflect.DelegatingMethodAccessorImpl.invoke(DelegatingMethodAccessorImpl.java:43)
                at java.base/java.lang.reflect.Method.invoke(Method.java:568)
                at org.testng.internal.invokers.MethodInvocationHelper.invokeMethod(MethodInvocationHelper.java:141)
                at
                org.testng.internal.invokers.MethodInvocationHelper.invokeMethodConsideringTimeout(MethodInvocationHelper.java:71)
                at org.testng.internal.invokers.ConfigInvoker.invokeConfigurationMethod(ConfigInvoker.java:400)
                at org.testng.internal.invokers.ConfigInvoker.invokeConfigurations(ConfigInvoker.java:333)
                at org.testng.internal.invokers.TestInvoker.runConfigMethods(TestInvoker.java:833)
                at org.testng.internal.invokers.TestInvoker.invokeMethod(TestInvoker.java:600)
                at org.testng.internal.invokers.TestInvoker.invokeTestMethod(TestInvoker.java:230)
                at org.testng.internal.invokers.MethodRunner.runInSequence(MethodRunner.java:63)
                at org.testng.internal.invokers.TestInvoker$MethodInvocationAgent.invoke(TestInvoker.java:992)
                at org.testng.internal.invokers.TestInvoker.invokeTestMethods(TestInvoker.java:203)
                at org.testng.internal.invokers.TestMethodWorker.invokeTestMethods(TestMethodWorker.java:154)
                at org.testng.internal.invokers.TestMethodWorker.run(TestMethodWorker.java:134)
                at java.base/java.util.ArrayList.forEach(ArrayList.java:1511)
                at org.testng.TestRunner.privateRun(TestRunner.java:739)
                at org.testng.TestRunner.run(TestRunner.java:614)
                at org.testng.SuiteRunner.runTest(SuiteRunner.java:421)
                at org.testng.SuiteRunner.runSequentially(SuiteRunner.java:413)
                at org.testng.SuiteRunner.privateRun(SuiteRunner.java:373)
                at org.testng.SuiteRunner.run(SuiteRunner.java:312)
                at org.testng.SuiteRunnerWorker.runSuite(SuiteRunnerWorker.java:52)
                at org.testng.SuiteRunnerWorker.run(SuiteRunnerWorker.java:95)
                at org.testng.TestNG.runSuitesSequentially(TestNG.java:1274)
                at org.testng.TestNG.runSuitesLocally(TestNG.java:1208)
                at org.testng.TestNG.runSuites(TestNG.java:1112)
                at org.testng.TestNG.run(TestNG.java:1079)
                at com.intellij.rt.testng.IDEARemoteTestNG.run(IDEARemoteTestNG.java:65)
                at com.intellij.rt.testng.RemoteTestNGStarter.main(RemoteTestNGStarter.java:105)
            </div>
        </td>
    </tr>
</table>
<p class="totop"><a href="#summary">back to summary</a></p>
<h3 id="m31">
    com.myngoc.demotestng.testcases.customer_testcases.MyProfileTest#testCurrentPasswordIncorrectUpdatePassword</h3>
<table class="result">
    <tr>
        <th>Exception</th>
    </tr>
    <tr>
        <td>
            <div class="stacktrace">java.lang.NullPointerException: Cannot invoke &quot;java.lang.Integer.intValue()&quot;
                because the return value of &quot;java.util.Map.get(Object)&quot; is null
                at com.myngoc.demotestng.common.ExcelHelper.getCellStringData(ExcelHelper.java:84)
                at com.myngoc.demotestng.testcases.customer_testcases.MyProfileTest.setUp(MyProfileTest.java:37)
                at java.base/jdk.internal.reflect.NativeMethodAccessorImpl.invoke0(Native Method)
                at java.base/jdk.internal.reflect.NativeMethodAccessorImpl.invoke(NativeMethodAccessorImpl.java:77)
                at
                java.base/jdk.internal.reflect.DelegatingMethodAccessorImpl.invoke(DelegatingMethodAccessorImpl.java:43)
                at java.base/java.lang.reflect.Method.invoke(Method.java:568)
                at org.testng.internal.invokers.MethodInvocationHelper.invokeMethod(MethodInvocationHelper.java:141)
                at
                org.testng.internal.invokers.MethodInvocationHelper.invokeMethodConsideringTimeout(MethodInvocationHelper.java:71)
                at org.testng.internal.invokers.ConfigInvoker.invokeConfigurationMethod(ConfigInvoker.java:400)
                at org.testng.internal.invokers.ConfigInvoker.invokeConfigurations(ConfigInvoker.java:333)
                at org.testng.internal.invokers.TestInvoker.runConfigMethods(TestInvoker.java:833)
                at org.testng.internal.invokers.TestInvoker.invokeMethod(TestInvoker.java:600)
                at org.testng.internal.invokers.TestInvoker.invokeTestMethod(TestInvoker.java:230)
                at org.testng.internal.invokers.MethodRunner.runInSequence(MethodRunner.java:63)
                at org.testng.internal.invokers.TestInvoker$MethodInvocationAgent.invoke(TestInvoker.java:992)
                at org.testng.internal.invokers.TestInvoker.invokeTestMethods(TestInvoker.java:203)
                at org.testng.internal.invokers.TestMethodWorker.invokeTestMethods(TestMethodWorker.java:154)
                at org.testng.internal.invokers.TestMethodWorker.run(TestMethodWorker.java:134)
                at java.base/java.util.ArrayList.forEach(ArrayList.java:1511)
                at org.testng.TestRunner.privateRun(TestRunner.java:739)
                at org.testng.TestRunner.run(TestRunner.java:614)
                at org.testng.SuiteRunner.runTest(SuiteRunner.java:421)
                at org.testng.SuiteRunner.runSequentially(SuiteRunner.java:413)
                at org.testng.SuiteRunner.privateRun(SuiteRunner.java:373)
                at org.testng.SuiteRunner.run(SuiteRunner.java:312)
                at org.testng.SuiteRunnerWorker.runSuite(SuiteRunnerWorker.java:52)
                at org.testng.SuiteRunnerWorker.run(SuiteRunnerWorker.java:95)
                at org.testng.TestNG.runSuitesSequentially(TestNG.java:1274)
                at org.testng.TestNG.runSuitesLocally(TestNG.java:1208)
                at org.testng.TestNG.runSuites(TestNG.java:1112)
                at org.testng.TestNG.run(TestNG.java:1079)
                at com.intellij.rt.testng.IDEARemoteTestNG.run(IDEARemoteTestNG.java:65)
                at com.intellij.rt.testng.RemoteTestNGStarter.main(RemoteTestNGStarter.java:105)
            </div>
        </td>
    </tr>
</table>
<p class="totop"><a href="#summary">back to summary</a></p>
<h3 id="m32">com.myngoc.demotestng.testcases.customer_testcases.MyProfileTest#testEmptyUpdateAdress</h3>
<table class="result">
    <tr>
        <th>Exception</th>
    </tr>
    <tr>
        <td>
            <div class="stacktrace">java.lang.NullPointerException: Cannot invoke &quot;java.lang.Integer.intValue()&quot;
                because the return value of &quot;java.util.Map.get(Object)&quot; is null
                at com.myngoc.demotestng.common.ExcelHelper.getCellStringData(ExcelHelper.java:84)
                at com.myngoc.demotestng.testcases.customer_testcases.MyProfileTest.setUp(MyProfileTest.java:37)
                at java.base/jdk.internal.reflect.NativeMethodAccessorImpl.invoke0(Native Method)
                at java.base/jdk.internal.reflect.NativeMethodAccessorImpl.invoke(NativeMethodAccessorImpl.java:77)
                at
                java.base/jdk.internal.reflect.DelegatingMethodAccessorImpl.invoke(DelegatingMethodAccessorImpl.java:43)
                at java.base/java.lang.reflect.Method.invoke(Method.java:568)
                at org.testng.internal.invokers.MethodInvocationHelper.invokeMethod(MethodInvocationHelper.java:141)
                at
                org.testng.internal.invokers.MethodInvocationHelper.invokeMethodConsideringTimeout(MethodInvocationHelper.java:71)
                at org.testng.internal.invokers.ConfigInvoker.invokeConfigurationMethod(ConfigInvoker.java:400)
                at org.testng.internal.invokers.ConfigInvoker.invokeConfigurations(ConfigInvoker.java:333)
                at org.testng.internal.invokers.TestInvoker.runConfigMethods(TestInvoker.java:833)
                at org.testng.internal.invokers.TestInvoker.invokeMethod(TestInvoker.java:600)
                at org.testng.internal.invokers.TestInvoker.invokeTestMethod(TestInvoker.java:230)
                at org.testng.internal.invokers.MethodRunner.runInSequence(MethodRunner.java:63)
                at org.testng.internal.invokers.TestInvoker$MethodInvocationAgent.invoke(TestInvoker.java:992)
                at org.testng.internal.invokers.TestInvoker.invokeTestMethods(TestInvoker.java:203)
                at org.testng.internal.invokers.TestMethodWorker.invokeTestMethods(TestMethodWorker.java:154)
                at org.testng.internal.invokers.TestMethodWorker.run(TestMethodWorker.java:134)
                at java.base/java.util.ArrayList.forEach(ArrayList.java:1511)
                at org.testng.TestRunner.privateRun(TestRunner.java:739)
                at org.testng.TestRunner.run(TestRunner.java:614)
                at org.testng.SuiteRunner.runTest(SuiteRunner.java:421)
                at org.testng.SuiteRunner.runSequentially(SuiteRunner.java:413)
                at org.testng.SuiteRunner.privateRun(SuiteRunner.java:373)
                at org.testng.SuiteRunner.run(SuiteRunner.java:312)
                at org.testng.SuiteRunnerWorker.runSuite(SuiteRunnerWorker.java:52)
                at org.testng.SuiteRunnerWorker.run(SuiteRunnerWorker.java:95)
                at org.testng.TestNG.runSuitesSequentially(TestNG.java:1274)
                at org.testng.TestNG.runSuitesLocally(TestNG.java:1208)
                at org.testng.TestNG.runSuites(TestNG.java:1112)
                at org.testng.TestNG.run(TestNG.java:1079)
                at com.intellij.rt.testng.IDEARemoteTestNG.run(IDEARemoteTestNG.java:65)
                at com.intellij.rt.testng.RemoteTestNGStarter.main(RemoteTestNGStarter.java:105)
            </div>
        </td>
    </tr>
</table>
<p class="totop"><a href="#summary">back to summary</a></p>
<h3 id="m33">com.myngoc.demotestng.testcases.customer_testcases.MyProfileTest#testIncorrectPhoneNumberUpdateProfile</h3>
<table class="result">
    <tr>
        <th>Exception</th>
    </tr>
    <tr>
        <td>
            <div class="stacktrace">java.lang.NullPointerException: Cannot invoke &quot;java.lang.Integer.intValue()&quot;
                because the return value of &quot;java.util.Map.get(Object)&quot; is null
                at com.myngoc.demotestng.common.ExcelHelper.getCellStringData(ExcelHelper.java:84)
                at com.myngoc.demotestng.testcases.customer_testcases.MyProfileTest.setUp(MyProfileTest.java:37)
                at java.base/jdk.internal.reflect.NativeMethodAccessorImpl.invoke0(Native Method)
                at java.base/jdk.internal.reflect.NativeMethodAccessorImpl.invoke(NativeMethodAccessorImpl.java:77)
                at
                java.base/jdk.internal.reflect.DelegatingMethodAccessorImpl.invoke(DelegatingMethodAccessorImpl.java:43)
                at java.base/java.lang.reflect.Method.invoke(Method.java:568)
                at org.testng.internal.invokers.MethodInvocationHelper.invokeMethod(MethodInvocationHelper.java:141)
                at
                org.testng.internal.invokers.MethodInvocationHelper.invokeMethodConsideringTimeout(MethodInvocationHelper.java:71)
                at org.testng.internal.invokers.ConfigInvoker.invokeConfigurationMethod(ConfigInvoker.java:400)
                at org.testng.internal.invokers.ConfigInvoker.invokeConfigurations(ConfigInvoker.java:333)
                at org.testng.internal.invokers.TestInvoker.runConfigMethods(TestInvoker.java:833)
                at org.testng.internal.invokers.TestInvoker.invokeMethod(TestInvoker.java:600)
                at org.testng.internal.invokers.TestInvoker.invokeTestMethod(TestInvoker.java:230)
                at org.testng.internal.invokers.MethodRunner.runInSequence(MethodRunner.java:63)
                at org.testng.internal.invokers.TestInvoker$MethodInvocationAgent.invoke(TestInvoker.java:992)
                at org.testng.internal.invokers.TestInvoker.invokeTestMethods(TestInvoker.java:203)
                at org.testng.internal.invokers.TestMethodWorker.invokeTestMethods(TestMethodWorker.java:154)
                at org.testng.internal.invokers.TestMethodWorker.run(TestMethodWorker.java:134)
                at java.base/java.util.ArrayList.forEach(ArrayList.java:1511)
                at org.testng.TestRunner.privateRun(TestRunner.java:739)
                at org.testng.TestRunner.run(TestRunner.java:614)
                at org.testng.SuiteRunner.runTest(SuiteRunner.java:421)
                at org.testng.SuiteRunner.runSequentially(SuiteRunner.java:413)
                at org.testng.SuiteRunner.privateRun(SuiteRunner.java:373)
                at org.testng.SuiteRunner.run(SuiteRunner.java:312)
                at org.testng.SuiteRunnerWorker.runSuite(SuiteRunnerWorker.java:52)
                at org.testng.SuiteRunnerWorker.run(SuiteRunnerWorker.java:95)
                at org.testng.TestNG.runSuitesSequentially(TestNG.java:1274)
                at org.testng.TestNG.runSuitesLocally(TestNG.java:1208)
                at org.testng.TestNG.runSuites(TestNG.java:1112)
                at org.testng.TestNG.run(TestNG.java:1079)
                at com.intellij.rt.testng.IDEARemoteTestNG.run(IDEARemoteTestNG.java:65)
                at com.intellij.rt.testng.RemoteTestNGStarter.main(RemoteTestNGStarter.java:105)
            </div>
        </td>
    </tr>
</table>
<p class="totop"><a href="#summary">back to summary</a></p>
<h3 id="m34">com.myngoc.demotestng.testcases.customer_testcases.MyProfileTest#testUpdateAdress</h3>
<table class="result">
    <tr>
        <th>Exception</th>
    </tr>
    <tr>
        <td>
            <div class="stacktrace">java.lang.NullPointerException: Cannot invoke &quot;java.lang.Integer.intValue()&quot;
                because the return value of &quot;java.util.Map.get(Object)&quot; is null
                at com.myngoc.demotestng.common.ExcelHelper.getCellStringData(ExcelHelper.java:84)
                at com.myngoc.demotestng.testcases.customer_testcases.MyProfileTest.setUp(MyProfileTest.java:37)
                at java.base/jdk.internal.reflect.NativeMethodAccessorImpl.invoke0(Native Method)
                at java.base/jdk.internal.reflect.NativeMethodAccessorImpl.invoke(NativeMethodAccessorImpl.java:77)
                at
                java.base/jdk.internal.reflect.DelegatingMethodAccessorImpl.invoke(DelegatingMethodAccessorImpl.java:43)
                at java.base/java.lang.reflect.Method.invoke(Method.java:568)
                at org.testng.internal.invokers.MethodInvocationHelper.invokeMethod(MethodInvocationHelper.java:141)
                at
                org.testng.internal.invokers.MethodInvocationHelper.invokeMethodConsideringTimeout(MethodInvocationHelper.java:71)
                at org.testng.internal.invokers.ConfigInvoker.invokeConfigurationMethod(ConfigInvoker.java:400)
                at org.testng.internal.invokers.ConfigInvoker.invokeConfigurations(ConfigInvoker.java:333)
                at org.testng.internal.invokers.TestInvoker.runConfigMethods(TestInvoker.java:833)
                at org.testng.internal.invokers.TestInvoker.invokeMethod(TestInvoker.java:600)
                at org.testng.internal.invokers.TestInvoker.invokeTestMethod(TestInvoker.java:230)
                at org.testng.internal.invokers.MethodRunner.runInSequence(MethodRunner.java:63)
                at org.testng.internal.invokers.TestInvoker$MethodInvocationAgent.invoke(TestInvoker.java:992)
                at org.testng.internal.invokers.TestInvoker.invokeTestMethods(TestInvoker.java:203)
                at org.testng.internal.invokers.TestMethodWorker.invokeTestMethods(TestMethodWorker.java:154)
                at org.testng.internal.invokers.TestMethodWorker.run(TestMethodWorker.java:134)
                at java.base/java.util.ArrayList.forEach(ArrayList.java:1511)
                at org.testng.TestRunner.privateRun(TestRunner.java:739)
                at org.testng.TestRunner.run(TestRunner.java:614)
                at org.testng.SuiteRunner.runTest(SuiteRunner.java:421)
                at org.testng.SuiteRunner.runSequentially(SuiteRunner.java:413)
                at org.testng.SuiteRunner.privateRun(SuiteRunner.java:373)
                at org.testng.SuiteRunner.run(SuiteRunner.java:312)
                at org.testng.SuiteRunnerWorker.runSuite(SuiteRunnerWorker.java:52)
                at org.testng.SuiteRunnerWorker.run(SuiteRunnerWorker.java:95)
                at org.testng.TestNG.runSuitesSequentially(TestNG.java:1274)
                at org.testng.TestNG.runSuitesLocally(TestNG.java:1208)
                at org.testng.TestNG.runSuites(TestNG.java:1112)
                at org.testng.TestNG.run(TestNG.java:1079)
                at com.intellij.rt.testng.IDEARemoteTestNG.run(IDEARemoteTestNG.java:65)
                at com.intellij.rt.testng.RemoteTestNGStarter.main(RemoteTestNGStarter.java:105)
            </div>
        </td>
    </tr>
</table>
<p class="totop"><a href="#summary">back to summary</a></p>
<h3 id="m35">com.myngoc.demotestng.testcases.customer_testcases.MyProfileTest#testUpdatePassword</h3>
<table class="result">
    <tr>
        <th>Exception</th>
    </tr>
    <tr>
        <td>
            <div class="stacktrace">java.lang.NullPointerException: Cannot invoke &quot;java.lang.Integer.intValue()&quot;
                because the return value of &quot;java.util.Map.get(Object)&quot; is null
                at com.myngoc.demotestng.common.ExcelHelper.getCellStringData(ExcelHelper.java:84)
                at com.myngoc.demotestng.testcases.customer_testcases.MyProfileTest.setUp(MyProfileTest.java:37)
                at java.base/jdk.internal.reflect.NativeMethodAccessorImpl.invoke0(Native Method)
                at java.base/jdk.internal.reflect.NativeMethodAccessorImpl.invoke(NativeMethodAccessorImpl.java:77)
                at
                java.base/jdk.internal.reflect.DelegatingMethodAccessorImpl.invoke(DelegatingMethodAccessorImpl.java:43)
                at java.base/java.lang.reflect.Method.invoke(Method.java:568)
                at org.testng.internal.invokers.MethodInvocationHelper.invokeMethod(MethodInvocationHelper.java:141)
                at
                org.testng.internal.invokers.MethodInvocationHelper.invokeMethodConsideringTimeout(MethodInvocationHelper.java:71)
                at org.testng.internal.invokers.ConfigInvoker.invokeConfigurationMethod(ConfigInvoker.java:400)
                at org.testng.internal.invokers.ConfigInvoker.invokeConfigurations(ConfigInvoker.java:333)
                at org.testng.internal.invokers.TestInvoker.runConfigMethods(TestInvoker.java:833)
                at org.testng.internal.invokers.TestInvoker.invokeMethod(TestInvoker.java:600)
                at org.testng.internal.invokers.TestInvoker.invokeTestMethod(TestInvoker.java:230)
                at org.testng.internal.invokers.MethodRunner.runInSequence(MethodRunner.java:63)
                at org.testng.internal.invokers.TestInvoker$MethodInvocationAgent.invoke(TestInvoker.java:992)
                at org.testng.internal.invokers.TestInvoker.invokeTestMethods(TestInvoker.java:203)
                at org.testng.internal.invokers.TestMethodWorker.invokeTestMethods(TestMethodWorker.java:154)
                at org.testng.internal.invokers.TestMethodWorker.run(TestMethodWorker.java:134)
                at java.base/java.util.ArrayList.forEach(ArrayList.java:1511)
                at org.testng.TestRunner.privateRun(TestRunner.java:739)
                at org.testng.TestRunner.run(TestRunner.java:614)
                at org.testng.SuiteRunner.runTest(SuiteRunner.java:421)
                at org.testng.SuiteRunner.runSequentially(SuiteRunner.java:413)
                at org.testng.SuiteRunner.privateRun(SuiteRunner.java:373)
                at org.testng.SuiteRunner.run(SuiteRunner.java:312)
                at org.testng.SuiteRunnerWorker.runSuite(SuiteRunnerWorker.java:52)
                at org.testng.SuiteRunnerWorker.run(SuiteRunnerWorker.java:95)
                at org.testng.TestNG.runSuitesSequentially(TestNG.java:1274)
                at org.testng.TestNG.runSuitesLocally(TestNG.java:1208)
                at org.testng.TestNG.runSuites(TestNG.java:1112)
                at org.testng.TestNG.run(TestNG.java:1079)
                at com.intellij.rt.testng.IDEARemoteTestNG.run(IDEARemoteTestNG.java:65)
                at com.intellij.rt.testng.RemoteTestNGStarter.main(RemoteTestNGStarter.java:105)
            </div>
        </td>
    </tr>
</table>
<p class="totop"><a href="#summary">back to summary</a></p>
<h3 id="m36">com.myngoc.demotestng.testcases.customer_testcases.MyProfileTest#testUpdateProfile</h3>
<table class="result">
    <tr>
        <th>Exception</th>
    </tr>
    <tr>
        <td>
            <div class="stacktrace">java.lang.NullPointerException: Cannot invoke &quot;java.lang.Integer.intValue()&quot;
                because the return value of &quot;java.util.Map.get(Object)&quot; is null
                at com.myngoc.demotestng.common.ExcelHelper.getCellStringData(ExcelHelper.java:84)
                at com.myngoc.demotestng.testcases.customer_testcases.MyProfileTest.setUp(MyProfileTest.java:37)
                at java.base/jdk.internal.reflect.NativeMethodAccessorImpl.invoke0(Native Method)
                at java.base/jdk.internal.reflect.NativeMethodAccessorImpl.invoke(NativeMethodAccessorImpl.java:77)
                at
                java.base/jdk.internal.reflect.DelegatingMethodAccessorImpl.invoke(DelegatingMethodAccessorImpl.java:43)
                at java.base/java.lang.reflect.Method.invoke(Method.java:568)
                at org.testng.internal.invokers.MethodInvocationHelper.invokeMethod(MethodInvocationHelper.java:141)
                at
                org.testng.internal.invokers.MethodInvocationHelper.invokeMethodConsideringTimeout(MethodInvocationHelper.java:71)
                at org.testng.internal.invokers.ConfigInvoker.invokeConfigurationMethod(ConfigInvoker.java:400)
                at org.testng.internal.invokers.ConfigInvoker.invokeConfigurations(ConfigInvoker.java:333)
                at org.testng.internal.invokers.TestInvoker.runConfigMethods(TestInvoker.java:833)
                at org.testng.internal.invokers.TestInvoker.invokeMethod(TestInvoker.java:600)
                at org.testng.internal.invokers.TestInvoker.invokeTestMethod(TestInvoker.java:230)
                at org.testng.internal.invokers.MethodRunner.runInSequence(MethodRunner.java:63)
                at org.testng.internal.invokers.TestInvoker$MethodInvocationAgent.invoke(TestInvoker.java:992)
                at org.testng.internal.invokers.TestInvoker.invokeTestMethods(TestInvoker.java:203)
                at org.testng.internal.invokers.TestMethodWorker.invokeTestMethods(TestMethodWorker.java:154)
                at org.testng.internal.invokers.TestMethodWorker.run(TestMethodWorker.java:134)
                at java.base/java.util.ArrayList.forEach(ArrayList.java:1511)
                at org.testng.TestRunner.privateRun(TestRunner.java:739)
                at org.testng.TestRunner.run(TestRunner.java:614)
                at org.testng.SuiteRunner.runTest(SuiteRunner.java:421)
                at org.testng.SuiteRunner.runSequentially(SuiteRunner.java:413)
                at org.testng.SuiteRunner.privateRun(SuiteRunner.java:373)
                at org.testng.SuiteRunner.run(SuiteRunner.java:312)
                at org.testng.SuiteRunnerWorker.runSuite(SuiteRunnerWorker.java:52)
                at org.testng.SuiteRunnerWorker.run(SuiteRunnerWorker.java:95)
                at org.testng.TestNG.runSuitesSequentially(TestNG.java:1274)
                at org.testng.TestNG.runSuitesLocally(TestNG.java:1208)
                at org.testng.TestNG.runSuites(TestNG.java:1112)
                at org.testng.TestNG.run(TestNG.java:1079)
                at com.intellij.rt.testng.IDEARemoteTestNG.run(IDEARemoteTestNG.java:65)
                at com.intellij.rt.testng.RemoteTestNGStarter.main(RemoteTestNGStarter.java:105)
            </div>
        </td>
    </tr>
</table>
<p class="totop"><a href="#summary">back to summary</a></p>
<h3 id="m37">com.myngoc.demotestng.testcases.customer_testcases.ShoppingCartTest#testDeleteAllBooksFromCart</h3>
<table class="result">
    <tr>
        <th>Exception</th>
    </tr>
    <tr>
        <td>
            <div class="stacktrace">org.openqa.selenium.ElementClickInterceptedException: element click intercepted:
                Element &lt;span _ngcontent-ng-c2795982477=&quot;&quot;&gt;...&lt;/span&gt; is not clickable at point
                (1455, 52). Other element would receive the click: &lt;div _ngcontent-ng-c2362164441=&quot;&quot; class=&quot;modal-overlay&quot;&gt;...&lt;/div&gt;
                (Session info: chrome=131.0.6778.205)
                Build info: version: &apos;4.26.0&apos;, revision: &apos;8ccf0219d7&apos;
                System info: os.name: &apos;Windows 11&apos;, os.arch: &apos;amd64&apos;, os.version: &apos;10.0&apos;,
                java.version: &apos;17.0.12&apos;
                Driver info: org.openqa.selenium.chrome.ChromeDriver
                Command: [85012d998d6b64127bbc36ce4110dd93, clickElement
                {id=f.3E79AB9F89F80903179767D3F56C0CDB.d.BD6C6A91226ADB530E5FCC3F5D93C30C.e.14}]
                Capabilities {acceptInsecureCerts: false, browserName: chrome, browserVersion: 131.0.6778.205, chrome:
                {chromedriverVersion: 131.0.6778.204 (52183f9e99a..., userDataDir: C:\Users\myngoc.vo\AppData\...},
                fedcm:accounts: true, goog:chromeOptions: {debuggerAddress: localhost:52244}, networkConnectionEnabled:
                false, pageLoadStrategy: normal, platformName: windows, proxy: Proxy(), se:cdp:
                ws://localhost:52244/devtoo..., se:cdpVersion: 131.0.6778.205, setWindowRect: true,
                strictFileInteractability: false, timeouts: {implicit: 0, pageLoad: 300000, script: 30000},
                unhandledPromptBehavior: dismiss and notify, webauthn:extension:credBlob: true,
                webauthn:extension:largeBlob: true, webauthn:extension:minPinLength: true, webauthn:extension:prf: true,
                webauthn:virtualAuthenticators: true}
                Element: [[ChromeDriver: chrome on windows (85012d998d6b64127bbc36ce4110dd93)] -&gt; xpath:
                //span[contains(text(),&quot;Tài Khoản&quot;)]]
                Session ID: 85012d998d6b64127bbc36ce4110dd93
                at java.base/jdk.internal.reflect.NativeConstructorAccessorImpl.newInstance0(Native Method)
                at
                java.base/jdk.internal.reflect.NativeConstructorAccessorImpl.newInstance(NativeConstructorAccessorImpl.java:77)
                at
                java.base/jdk.internal.reflect.DelegatingConstructorAccessorImpl.newInstance(DelegatingConstructorAccessorImpl.java:45)
                at java.base/java.lang.reflect.Constructor.newInstanceWithCaller(Constructor.java:499)
                at java.base/java.lang.reflect.Constructor.newInstance(Constructor.java:480)
                at org.openqa.selenium.remote.ErrorCodec.decode(ErrorCodec.java:167)
                at org.openqa.selenium.remote.codec.w3c.W3CHttpResponseCodec.decode(W3CHttpResponseCodec.java:138)
                at org.openqa.selenium.remote.codec.w3c.W3CHttpResponseCodec.decode(W3CHttpResponseCodec.java:50)
                at org.openqa.selenium.remote.HttpCommandExecutor.execute(HttpCommandExecutor.java:190)
                at
                org.openqa.selenium.remote.service.DriverCommandExecutor.invokeExecute(DriverCommandExecutor.java:216)
                at org.openqa.selenium.remote.service.DriverCommandExecutor.execute(DriverCommandExecutor.java:174)
                at org.openqa.selenium.remote.RemoteWebDriver.execute(RemoteWebDriver.java:545)
                at org.openqa.selenium.remote.RemoteWebElement.execute(RemoteWebElement.java:223)
                at org.openqa.selenium.remote.RemoteWebElement.click(RemoteWebElement.java:76)
                at jdk.internal.reflect.GeneratedMethodAccessor4.invoke(Unknown Source)
                at
                java.base/jdk.internal.reflect.DelegatingMethodAccessorImpl.invoke(DelegatingMethodAccessorImpl.java:43)
                at java.base/java.lang.reflect.Method.invoke(Method.java:568)
                at
                org.openqa.selenium.support.pagefactory.internal.LocatingElementHandler.invoke(LocatingElementHandler.java:51)
                at jdk.proxy2/jdk.proxy2.$Proxy14.click(Unknown Source)
                at com.myngoc.demotestng.common.ValidateHelper.clickElement(ValidateHelper.java:59)
                at com.myngoc.demotestng.pages.customer.LoginPage.login(LoginPage.java:38)
                at com.myngoc.demotestng.testcases.customer_testcases.ShoppingCartTest.login(ShoppingCartTest.java:45)
                at java.base/jdk.internal.reflect.NativeMethodAccessorImpl.invoke0(Native Method)
                at java.base/jdk.internal.reflect.NativeMethodAccessorImpl.invoke(NativeMethodAccessorImpl.java:77)
                at
                java.base/jdk.internal.reflect.DelegatingMethodAccessorImpl.invoke(DelegatingMethodAccessorImpl.java:43)
                at java.base/java.lang.reflect.Method.invoke(Method.java:568)
                at org.testng.internal.invokers.MethodInvocationHelper.invokeMethod(MethodInvocationHelper.java:141)
                at
                org.testng.internal.invokers.MethodInvocationHelper.invokeMethodConsideringTimeout(MethodInvocationHelper.java:71)
                at org.testng.internal.invokers.ConfigInvoker.invokeConfigurationMethod(ConfigInvoker.java:400)
                at org.testng.internal.invokers.ConfigInvoker.invokeConfigurations(ConfigInvoker.java:333)
                at org.testng.internal.invokers.TestInvoker.runConfigMethods(TestInvoker.java:833)
                at org.testng.internal.invokers.TestInvoker.invokeMethod(TestInvoker.java:600)
                at org.testng.internal.invokers.TestInvoker.invokeTestMethod(TestInvoker.java:230)
                at org.testng.internal.invokers.MethodRunner.runInSequence(MethodRunner.java:63)
                at org.testng.internal.invokers.TestInvoker$MethodInvocationAgent.invoke(TestInvoker.java:992)
                at org.testng.internal.invokers.TestInvoker.invokeTestMethods(TestInvoker.java:203)
                at org.testng.internal.invokers.TestMethodWorker.invokeTestMethods(TestMethodWorker.java:154)
                at org.testng.internal.invokers.TestMethodWorker.run(TestMethodWorker.java:134)
                at java.base/java.util.ArrayList.forEach(ArrayList.java:1511)
                at org.testng.TestRunner.privateRun(TestRunner.java:739)
                at org.testng.TestRunner.run(TestRunner.java:614)
                at org.testng.SuiteRunner.runTest(SuiteRunner.java:421)
                at org.testng.SuiteRunner.runSequentially(SuiteRunner.java:413)
                at org.testng.SuiteRunner.privateRun(SuiteRunner.java:373)
                at org.testng.SuiteRunner.run(SuiteRunner.java:312)
                at org.testng.SuiteRunnerWorker.runSuite(SuiteRunnerWorker.java:52)
                at org.testng.SuiteRunnerWorker.run(SuiteRunnerWorker.java:95)
                at org.testng.TestNG.runSuitesSequentially(TestNG.java:1274)
                at org.testng.TestNG.runSuitesLocally(TestNG.java:1208)
                at org.testng.TestNG.runSuites(TestNG.java:1112)
                at org.testng.TestNG.run(TestNG.java:1079)
                at com.intellij.rt.testng.IDEARemoteTestNG.run(IDEARemoteTestNG.java:65)
                at com.intellij.rt.testng.RemoteTestNGStarter.main(RemoteTestNGStarter.java:105)
            </div>
        </td>
    </tr>
</table>
<p class="totop"><a href="#summary">back to summary</a></p>
<h3 id="m38">com.myngoc.demotestng.testcases.customer_testcases.ShoppingCartTest#testDisplayEmptyShoppingCart</h3>
<table class="result">
    <tr>
        <th>Exception</th>
    </tr>
    <tr>
        <td>
            <div class="stacktrace">org.openqa.selenium.ElementClickInterceptedException: element click intercepted:
                Element &lt;span _ngcontent-ng-c2795982477=&quot;&quot;&gt;...&lt;/span&gt; is not clickable at point
                (1455, 52). Other element would receive the click: &lt;div _ngcontent-ng-c2362164441=&quot;&quot; class=&quot;modal-overlay&quot;&gt;...&lt;/div&gt;
                (Session info: chrome=131.0.6778.205)
                Build info: version: &apos;4.26.0&apos;, revision: &apos;8ccf0219d7&apos;
                System info: os.name: &apos;Windows 11&apos;, os.arch: &apos;amd64&apos;, os.version: &apos;10.0&apos;,
                java.version: &apos;17.0.12&apos;
                Driver info: org.openqa.selenium.chrome.ChromeDriver
                Command: [85012d998d6b64127bbc36ce4110dd93, clickElement
                {id=f.3E79AB9F89F80903179767D3F56C0CDB.d.BD6C6A91226ADB530E5FCC3F5D93C30C.e.14}]
                Capabilities {acceptInsecureCerts: false, browserName: chrome, browserVersion: 131.0.6778.205, chrome:
                {chromedriverVersion: 131.0.6778.204 (52183f9e99a..., userDataDir: C:\Users\myngoc.vo\AppData\...},
                fedcm:accounts: true, goog:chromeOptions: {debuggerAddress: localhost:52244}, networkConnectionEnabled:
                false, pageLoadStrategy: normal, platformName: windows, proxy: Proxy(), se:cdp:
                ws://localhost:52244/devtoo..., se:cdpVersion: 131.0.6778.205, setWindowRect: true,
                strictFileInteractability: false, timeouts: {implicit: 0, pageLoad: 300000, script: 30000},
                unhandledPromptBehavior: dismiss and notify, webauthn:extension:credBlob: true,
                webauthn:extension:largeBlob: true, webauthn:extension:minPinLength: true, webauthn:extension:prf: true,
                webauthn:virtualAuthenticators: true}
                Element: [[ChromeDriver: chrome on windows (85012d998d6b64127bbc36ce4110dd93)] -&gt; xpath:
                //span[contains(text(),&quot;Tài Khoản&quot;)]]
                Session ID: 85012d998d6b64127bbc36ce4110dd93
                at java.base/jdk.internal.reflect.NativeConstructorAccessorImpl.newInstance0(Native Method)
                at
                java.base/jdk.internal.reflect.NativeConstructorAccessorImpl.newInstance(NativeConstructorAccessorImpl.java:77)
                at
                java.base/jdk.internal.reflect.DelegatingConstructorAccessorImpl.newInstance(DelegatingConstructorAccessorImpl.java:45)
                at java.base/java.lang.reflect.Constructor.newInstanceWithCaller(Constructor.java:499)
                at java.base/java.lang.reflect.Constructor.newInstance(Constructor.java:480)
                at org.openqa.selenium.remote.ErrorCodec.decode(ErrorCodec.java:167)
                at org.openqa.selenium.remote.codec.w3c.W3CHttpResponseCodec.decode(W3CHttpResponseCodec.java:138)
                at org.openqa.selenium.remote.codec.w3c.W3CHttpResponseCodec.decode(W3CHttpResponseCodec.java:50)
                at org.openqa.selenium.remote.HttpCommandExecutor.execute(HttpCommandExecutor.java:190)
                at
                org.openqa.selenium.remote.service.DriverCommandExecutor.invokeExecute(DriverCommandExecutor.java:216)
                at org.openqa.selenium.remote.service.DriverCommandExecutor.execute(DriverCommandExecutor.java:174)
                at org.openqa.selenium.remote.RemoteWebDriver.execute(RemoteWebDriver.java:545)
                at org.openqa.selenium.remote.RemoteWebElement.execute(RemoteWebElement.java:223)
                at org.openqa.selenium.remote.RemoteWebElement.click(RemoteWebElement.java:76)
                at jdk.internal.reflect.GeneratedMethodAccessor4.invoke(Unknown Source)
                at
                java.base/jdk.internal.reflect.DelegatingMethodAccessorImpl.invoke(DelegatingMethodAccessorImpl.java:43)
                at java.base/java.lang.reflect.Method.invoke(Method.java:568)
                at
                org.openqa.selenium.support.pagefactory.internal.LocatingElementHandler.invoke(LocatingElementHandler.java:51)
                at jdk.proxy2/jdk.proxy2.$Proxy14.click(Unknown Source)
                at com.myngoc.demotestng.common.ValidateHelper.clickElement(ValidateHelper.java:59)
                at com.myngoc.demotestng.pages.customer.LoginPage.login(LoginPage.java:38)
                at com.myngoc.demotestng.testcases.customer_testcases.ShoppingCartTest.login(ShoppingCartTest.java:45)
                at java.base/jdk.internal.reflect.NativeMethodAccessorImpl.invoke0(Native Method)
                at java.base/jdk.internal.reflect.NativeMethodAccessorImpl.invoke(NativeMethodAccessorImpl.java:77)
                at
                java.base/jdk.internal.reflect.DelegatingMethodAccessorImpl.invoke(DelegatingMethodAccessorImpl.java:43)
                at java.base/java.lang.reflect.Method.invoke(Method.java:568)
                at org.testng.internal.invokers.MethodInvocationHelper.invokeMethod(MethodInvocationHelper.java:141)
                at
                org.testng.internal.invokers.MethodInvocationHelper.invokeMethodConsideringTimeout(MethodInvocationHelper.java:71)
                at org.testng.internal.invokers.ConfigInvoker.invokeConfigurationMethod(ConfigInvoker.java:400)
                at org.testng.internal.invokers.ConfigInvoker.invokeConfigurations(ConfigInvoker.java:333)
                at org.testng.internal.invokers.TestInvoker.runConfigMethods(TestInvoker.java:833)
                at org.testng.internal.invokers.TestInvoker.invokeMethod(TestInvoker.java:600)
                at org.testng.internal.invokers.TestInvoker.invokeTestMethod(TestInvoker.java:230)
                at org.testng.internal.invokers.MethodRunner.runInSequence(MethodRunner.java:63)
                at org.testng.internal.invokers.TestInvoker$MethodInvocationAgent.invoke(TestInvoker.java:992)
                at org.testng.internal.invokers.TestInvoker.invokeTestMethods(TestInvoker.java:203)
                at org.testng.internal.invokers.TestMethodWorker.invokeTestMethods(TestMethodWorker.java:154)
                at org.testng.internal.invokers.TestMethodWorker.run(TestMethodWorker.java:134)
                at java.base/java.util.ArrayList.forEach(ArrayList.java:1511)
                at org.testng.TestRunner.privateRun(TestRunner.java:739)
                at org.testng.TestRunner.run(TestRunner.java:614)
                at org.testng.SuiteRunner.runTest(SuiteRunner.java:421)
                at org.testng.SuiteRunner.runSequentially(SuiteRunner.java:413)
                at org.testng.SuiteRunner.privateRun(SuiteRunner.java:373)
                at org.testng.SuiteRunner.run(SuiteRunner.java:312)
                at org.testng.SuiteRunnerWorker.runSuite(SuiteRunnerWorker.java:52)
                at org.testng.SuiteRunnerWorker.run(SuiteRunnerWorker.java:95)
                at org.testng.TestNG.runSuitesSequentially(TestNG.java:1274)
                at org.testng.TestNG.runSuitesLocally(TestNG.java:1208)
                at org.testng.TestNG.runSuites(TestNG.java:1112)
                at org.testng.TestNG.run(TestNG.java:1079)
                at com.intellij.rt.testng.IDEARemoteTestNG.run(IDEARemoteTestNG.java:65)
                at com.intellij.rt.testng.RemoteTestNGStarter.main(RemoteTestNGStarter.java:105)
            </div>
        </td>
    </tr>
</table>
<p class="totop"><a href="#summary">back to summary</a></p>
<h3 id="m39">com.myngoc.demotestng.testcases.customer_testcases.LoginTest#login</h3>
<table class="result">
    <tr class="param">
        <th>Parameter #1</th>
        <th>Parameter #2</th>
        <th>Parameter #3</th>
    </tr>
    <tr class="param stripe">
        <td>0000000000</td>
        <td>null</td>
        <td>false</td>
    </tr>
</table>
<p class="totop"><a href="#summary">back to summary</a></p>
<h3 id="m40">com.myngoc.demotestng.testcases.customer_testcases.LoginTest#login</h3>
<table class="result">
    <tr class="param">
        <th>Parameter #1</th>
        <th>Parameter #2</th>
        <th>Parameter #3</th>
    </tr>
    <tr class="param stripe">
        <td>0932877994</td>
        <td></td>
        <td>false</td>
    </tr>
</table>
<p class="totop"><a href="#summary">back to summary</a></p>
<h3 id="m41">com.myngoc.demotestng.testcases.customer_testcases.LoginTest#login</h3>
<table class="result">
    <tr class="param">
        <th>Parameter #1</th>
        <th>Parameter #2</th>
        <th>Parameter #3</th>
    </tr>
    <tr class="param stripe">
        <td></td>
        <td>null</td>
        <td>false</td>
    </tr>
</table>
<p class="totop"><a href="#summary">back to summary</a></p>
<h3 id="m42">com.myngoc.demotestng.testcases.customer_testcases.LoginTest#login</h3>
<table class="result">
    <tr class="param">
        <th>Parameter #1</th>
        <th>Parameter #2</th>
        <th>Parameter #3</th>
    </tr>
    <tr class="param stripe">
        <td>0932877994</td>
        <td>MyNgoc@(1234)</td>
        <td>true</td>
    </tr>
</table>
<p class="totop"><a href="#summary">back to summary</a></p>
<h3 id="m43">com.myngoc.demotestng.testcases.customer_testcases.LoginTest#login</h3>
<table class="result">
    <tr class="param">
        <th>Parameter #1</th>
        <th>Parameter #2</th>
        <th>Parameter #3</th>
    </tr>
    <tr class="param stripe">
        <td>0932877994</td>
        <td>wrongPassword1@</td>
        <td>false</td>
    </tr>
</table>
<p class="totop"><a href="#summary">back to summary</a></p>
<h3 id="m44">com.myngoc.demotestng.testcases.customer_testcases.LoginTest#login</h3>
<table class="result">
    <tr class="param">
        <th>Parameter #1</th>
        <th>Parameter #2</th>
        <th>Parameter #3</th>
    </tr>
    <tr class="param stripe">
        <td></td>
        <td></td>
        <td>false</td>
    </tr>
</table>
<p class="totop"><a href="#summary">back to summary</a></p>
</body>
</html>
